{
  "stats": {
    "suites": 2,
    "tests": 2,
    "passes": 2,
    "pending": 0,
    "failures": 0,
    "start": "2025-04-06T14:35:26.671Z",
    "end": "2025-04-06T14:35:42.942Z",
    "duration": 16271,
    "testsRegistered": 2,
    "passPercent": 100,
    "pendingPercent": 0,
    "other": 0,
    "hasOther": false,
    "skipped": 0,
    "hasSkipped": false
  },
  "results": [
    {
      "uuid": "fa8785a3-e178-45b5-9d4f-9837f299a1c1",
      "title": "",
      "fullFile": "cypress\\e2e\\register_users.cy.js",
      "file": "cypress\\e2e\\register_users.cy.js",
      "beforeHooks": [],
      "afterHooks": [],
      "tests": [],
      "suites": [
        {
          "uuid": "d3b00b0d-3cf1-41e5-aa20-6206f9449ba5",
          "title": "User Registration for qauto",
          "fullFile": "",
          "file": "",
          "beforeHooks": [],
          "afterHooks": [],
          "tests": [
            {
              "title": "Should register new user via UI",
              "fullTitle": "User Registration for qauto Should register new user via UI",
              "timedOut": null,
              "duration": 6979,
              "state": "passed",
              "speed": "medium",
              "pass": true,
              "fail": false,
              "pending": false,
              "context": null,
              "code": "cy.visit(baseUrl, {\n  auth: {\n    username: \"guest\",\n    password: \"welcome2qauto\"\n  }\n});\ncy.get('button.btn.btn-outline-white.header_signin').click();\ncy.get('app-signin-modal').contains('Registration').click();\ncy.get('#signupName').type('AutoTest');\ncy.get('#signupLastName').type('User');\ncy.get('#signupEmail').type(email);\ncy.get('#signupPassword').type(password, {\n  sensitive: true\n});\ncy.get('#signupRepeatPassword').type(password, {\n  sensitive: true\n});\ncy.contains('Register').should('not.be.disabled').click();\ncy.get('button#userNavDropdown', {\n  timeout: 10000\n}).should('be.visible');\n// ✅ сохраняем в env для последующего использования\nCypress.env(`${appName}_email`, email);\nCypress.env(`${appName}_password`, password);\ncy.log(`✅ Registered user for ${appName}: ${email}`);",
              "err": {},
              "uuid": "feafa5be-ecae-4715-b42e-e252c7c14de1",
              "parentUUID": "d3b00b0d-3cf1-41e5-aa20-6206f9449ba5",
              "isHook": false,
              "skipped": false
            }
          ],
          "suites": [],
          "passes": [
            "feafa5be-ecae-4715-b42e-e252c7c14de1"
          ],
          "failures": [],
          "pending": [],
          "skipped": [],
          "duration": 6979,
          "root": false,
          "rootEmpty": false,
          "_timeout": 2000
        },
        {
          "uuid": "f6d9a6e6-7f53-401f-b26c-9b6ed896d50b",
          "title": "User Registration for qauto2",
          "fullFile": "",
          "file": "",
          "beforeHooks": [],
          "afterHooks": [],
          "tests": [
            {
              "title": "Should register new user via UI",
              "fullTitle": "User Registration for qauto2 Should register new user via UI",
              "timedOut": null,
              "duration": 6111,
              "state": "passed",
              "speed": "medium",
              "pass": true,
              "fail": false,
              "pending": false,
              "context": null,
              "code": "cy.visit(baseUrl, {\n  auth: {\n    username: \"guest\",\n    password: \"welcome2qauto\"\n  }\n});\ncy.get('button.btn.btn-outline-white.header_signin').click();\ncy.get('app-signin-modal').contains('Registration').click();\ncy.get('#signupName').type('AutoTest');\ncy.get('#signupLastName').type('User');\ncy.get('#signupEmail').type(email);\ncy.get('#signupPassword').type(password, {\n  sensitive: true\n});\ncy.get('#signupRepeatPassword').type(password, {\n  sensitive: true\n});\ncy.contains('Register').should('not.be.disabled').click();\ncy.get('button#userNavDropdown', {\n  timeout: 10000\n}).should('be.visible');\n// ✅ сохраняем в env для последующего использования\nCypress.env(`${appName}_email`, email);\nCypress.env(`${appName}_password`, password);\ncy.log(`✅ Registered user for ${appName}: ${email}`);",
              "err": {},
              "uuid": "a7abf86f-26ae-4060-880c-0f1738483bdd",
              "parentUUID": "f6d9a6e6-7f53-401f-b26c-9b6ed896d50b",
              "isHook": false,
              "skipped": false
            }
          ],
          "suites": [],
          "passes": [
            "a7abf86f-26ae-4060-880c-0f1738483bdd"
          ],
          "failures": [],
          "pending": [],
          "skipped": [],
          "duration": 6111,
          "root": false,
          "rootEmpty": false,
          "_timeout": 2000
        }
      ],
      "passes": [],
      "failures": [],
      "pending": [],
      "skipped": [],
      "duration": 0,
      "root": true,
      "rootEmpty": true,
      "_timeout": 2000
    }
  ],
  "meta": {
    "mocha": {
      "version": "7.0.1"
    },
    "mochawesome": {
      "options": {
        "quiet": false,
        "reportFilename": "mochawesome",
        "saveHtml": true,
        "saveJson": true,
        "consoleReporter": "spec",
        "useInlineDiffs": false,
        "code": true
      },
      "version": "7.1.3"
    },
    "marge": {
      "options": {
        "reportDir": "cypress/reports",
        "overwrite": false,
        "html": true,
        "json": true
      },
      "version": "6.2.0"
    }
  }
}