{
  "stats": {
    "suites": 2,
    "tests": 2,
    "passes": 2,
    "pending": 0,
    "failures": 0,
    "start": "2025-04-06T14:27:08.373Z",
    "end": "2025-04-06T14:27:25.923Z",
    "duration": 17550,
    "testsRegistered": 2,
    "passPercent": 100,
    "pendingPercent": 0,
    "other": 0,
    "hasOther": false,
    "skipped": 0,
    "hasSkipped": false
  },
  "results": [
    {
      "uuid": "3f4448a6-ef2e-4691-837f-58f6fa4926f6",
      "title": "",
      "fullFile": "cypress\\e2e\\register_users.cy.js",
      "file": "cypress\\e2e\\register_users.cy.js",
      "beforeHooks": [],
      "afterHooks": [],
      "tests": [],
      "suites": [
        {
          "uuid": "1813d174-2521-41c7-9e4f-f817dff1e7e7",
          "title": "User Registration for qauto",
          "fullFile": "",
          "file": "",
          "beforeHooks": [],
          "afterHooks": [],
          "tests": [
            {
              "title": "Should register new user via UI",
              "fullTitle": "User Registration for qauto Should register new user via UI",
              "timedOut": null,
              "duration": 7027,
              "state": "passed",
              "speed": "medium",
              "pass": true,
              "fail": false,
              "pending": false,
              "context": null,
              "code": "cy.visit(baseUrl, {\n  auth: {\n    username: \"guest\",\n    password: \"welcome2qauto\"\n  }\n});\ncy.get('button.btn.btn-outline-white.header_signin').click();\ncy.get('app-signin-modal').contains('Registration').click();\ncy.get('#signupName').type('AutoTest');\ncy.get('#signupLastName').type('User');\ncy.get('#signupEmail').type(email);\ncy.get('#signupPassword').type(password, {\n  sensitive: true\n});\ncy.get('#signupRepeatPassword').type(password, {\n  sensitive: true\n});\ncy.contains('Register').should('not.be.disabled').click();\ncy.get('button#userNavDropdown', {\n  timeout: 10000\n}).should('be.visible');\n// ✅ сохраняем в env для последующего использования\nCypress.env(`${appName}_email`, email);\nCypress.env(`${appName}_password`, password);\ncy.log(`✅ Registered user for ${appName}: ${email}`);",
              "err": {},
              "uuid": "b724254c-6278-4da1-bd0f-6f098d1303d1",
              "parentUUID": "1813d174-2521-41c7-9e4f-f817dff1e7e7",
              "isHook": false,
              "skipped": false
            }
          ],
          "suites": [],
          "passes": [
            "b724254c-6278-4da1-bd0f-6f098d1303d1"
          ],
          "failures": [],
          "pending": [],
          "skipped": [],
          "duration": 7027,
          "root": false,
          "rootEmpty": false,
          "_timeout": 2000
        },
        {
          "uuid": "0922d5a2-846c-4cf6-b1eb-68cacf1413a0",
          "title": "User Registration for qauto2",
          "fullFile": "",
          "file": "",
          "beforeHooks": [],
          "afterHooks": [],
          "tests": [
            {
              "title": "Should register new user via UI",
              "fullTitle": "User Registration for qauto2 Should register new user via UI",
              "timedOut": null,
              "duration": 7262,
              "state": "passed",
              "speed": "medium",
              "pass": true,
              "fail": false,
              "pending": false,
              "context": null,
              "code": "cy.visit(baseUrl, {\n  auth: {\n    username: \"guest\",\n    password: \"welcome2qauto\"\n  }\n});\ncy.get('button.btn.btn-outline-white.header_signin').click();\ncy.get('app-signin-modal').contains('Registration').click();\ncy.get('#signupName').type('AutoTest');\ncy.get('#signupLastName').type('User');\ncy.get('#signupEmail').type(email);\ncy.get('#signupPassword').type(password, {\n  sensitive: true\n});\ncy.get('#signupRepeatPassword').type(password, {\n  sensitive: true\n});\ncy.contains('Register').should('not.be.disabled').click();\ncy.get('button#userNavDropdown', {\n  timeout: 10000\n}).should('be.visible');\n// ✅ сохраняем в env для последующего использования\nCypress.env(`${appName}_email`, email);\nCypress.env(`${appName}_password`, password);\ncy.log(`✅ Registered user for ${appName}: ${email}`);",
              "err": {},
              "uuid": "aeeadd19-a196-42af-9339-8e48f3a9cd63",
              "parentUUID": "0922d5a2-846c-4cf6-b1eb-68cacf1413a0",
              "isHook": false,
              "skipped": false
            }
          ],
          "suites": [],
          "passes": [
            "aeeadd19-a196-42af-9339-8e48f3a9cd63"
          ],
          "failures": [],
          "pending": [],
          "skipped": [],
          "duration": 7262,
          "root": false,
          "rootEmpty": false,
          "_timeout": 2000
        }
      ],
      "passes": [],
      "failures": [],
      "pending": [],
      "skipped": [],
      "duration": 0,
      "root": true,
      "rootEmpty": true,
      "_timeout": 2000
    }
  ],
  "meta": {
    "mocha": {
      "version": "7.0.1"
    },
    "mochawesome": {
      "options": {
        "quiet": false,
        "reportFilename": "mochawesome",
        "saveHtml": true,
        "saveJson": true,
        "consoleReporter": "spec",
        "useInlineDiffs": false,
        "code": true
      },
      "version": "7.1.3"
    },
    "marge": {
      "options": {
        "reportDir": "cypress/reports",
        "overwrite": false,
        "html": true,
        "json": true
      },
      "version": "6.2.0"
    }
  }
}