{
  "stats": {
    "suites": 1,
    "tests": 1,
    "passes": 0,
    "pending": 0,
    "failures": 1,
    "start": "2025-04-06T15:16:50.773Z",
    "end": "2025-04-06T15:16:51.347Z",
    "duration": 574,
    "testsRegistered": 2,
    "passPercent": 0,
    "pendingPercent": 0,
    "other": 0,
    "hasOther": false,
    "skipped": 1,
    "hasSkipped": true
  },
  "results": [
    {
      "uuid": "3fd3f35d-684c-4ac7-b9bf-4ffae676cd56",
      "title": "",
      "fullFile": "cypress\\e2e\\garage_expenses.cy.js",
      "file": "cypress\\e2e\\garage_expenses.cy.js",
      "beforeHooks": [],
      "afterHooks": [],
      "tests": [],
      "suites": [
        {
          "uuid": "78456720-56c4-4e31-ac89-8333f8ab0294",
          "title": "Garage & Fuel Expenses Flow",
          "fullFile": "",
          "file": "",
          "beforeHooks": [],
          "afterHooks": [],
          "tests": [
            {
              "title": "Add a new car",
              "fullTitle": "Garage & Fuel Expenses Flow Add a new car",
              "timedOut": null,
              "duration": 506,
              "state": "failed",
              "speed": null,
              "pass": false,
              "fail": true,
              "pending": false,
              "context": null,
              "code": "_garagePage.garagePage.openAddCarForm();\n_garagePage.garagePage.fillCarForm('Audi', 'Q7', '123456');\n_garagePage.garagePage.submitCar();\n_garagePage.garagePage.carShouldBeVisible('Q7');",
              "err": {
                "message": "Error: A fixture file could not be found at any of the following paths:\n\n    > cypress\\fixtures\\qauto_user.json\n    > cypress\\fixtures\\qauto_user.json.[ext]\n\nCypress looked for these file extensions at the provided path:\n\n    > .json, .js, .coffee, .html, .txt, .csv, .png, .jpg, .jpeg, .gif, .tif, .tiff, .zip\n\nProvide a path to an existing fixture file.\n\nBecause this error occurred during a `before all` hook we are skipping the remaining tests in the current suite: `Garage & Fuel Expenses Flow`",
                "estack": "Error: A fixture file could not be found at any of the following paths:\n\n    > cypress\\fixtures\\qauto_user.json\n    > cypress\\fixtures\\qauto_user.json.[ext]\n\nCypress looked for these file extensions at the provided path:\n\n    > .json, .js, .coffee, .html, .txt, .csv, .png, .jpg, .jpeg, .gif, .tif, .tiff, .zip\n\nProvide a path to an existing fixture file.\n\nBecause this error occurred during a `before all` hook we are skipping the remaining tests in the current suite: `Garage & Fuel Expenses Flow`\n    at Object.<anonymous> (<embedded>:2770:260911)\n    at Object.tryCatcher (C:\\Users\\alexa\\AppData\\Local\\Cypress\\Cache\\14.2.0\\Cypress\\resources\\app\\node_modules\\bluebird\\js\\release\\util.js:16:23)\n    at Promise._settlePromiseFromHandler (C:\\Users\\alexa\\AppData\\Local\\Cypress\\Cache\\14.2.0\\Cypress\\resources\\app\\node_modules\\bluebird\\js\\release\\promise.js:512:31)\n    at Promise._settlePromise (C:\\Users\\alexa\\AppData\\Local\\Cypress\\Cache\\14.2.0\\Cypress\\resources\\app\\node_modules\\bluebird\\js\\release\\promise.js:569:18)\n    at Promise._settlePromise0 (C:\\Users\\alexa\\AppData\\Local\\Cypress\\Cache\\14.2.0\\Cypress\\resources\\app\\node_modules\\bluebird\\js\\release\\promise.js:614:10)\n    at Promise._settlePromises (C:\\Users\\alexa\\AppData\\Local\\Cypress\\Cache\\14.2.0\\Cypress\\resources\\app\\node_modules\\bluebird\\js\\release\\promise.js:694:18)\n    at Promise._fulfill (C:\\Users\\alexa\\AppData\\Local\\Cypress\\Cache\\14.2.0\\Cypress\\resources\\app\\node_modules\\bluebird\\js\\release\\promise.js:638:18)\n    at <unknown> (C:\\Users\\alexa\\AppData\\Local\\Cypress\\Cache\\14.2.0\\Cypress\\resources\\app\\node_modules\\bluebird\\js\\release\\nodeback.js:42:21)\n    at s (<embedded>:227:141897)\n    at D.<anonymous> (<embedded>:2764:153466)\n    at D.emit (node:events:518:28)\n    at D._finish (<embedded>:2764:154396)\n    at i (<embedded>:2764:153787)\n    at D._processSimple2 (<embedded>:2764:159553)\n    at <unknown> (<embedded>:2764:159406)\n    at D._stat2 (<embedded>:2764:160471)\n    at <unknown> (<embedded>:2764:160318)\n    at s (<embedded>:1067:24225)\n    at s (<embedded>:227:141897)\n    at d (<embedded>:2886:13639)\n    at FSReqCallback.oncomplete (node:fs:197:21)",
                "diff": null
              },
              "uuid": "2d5ebb05-2fef-45b0-8f35-3f616816d370",
              "parentUUID": "78456720-56c4-4e31-ac89-8333f8ab0294",
              "isHook": false,
              "skipped": false
            },
            {
              "title": "Add fuel expense to the car",
              "fullTitle": "Garage & Fuel Expenses Flow Add fuel expense to the car",
              "timedOut": null,
              "duration": 0,
              "state": "skipped",
              "speed": null,
              "pass": false,
              "fail": false,
              "pending": false,
              "context": null,
              "code": "_expensesPage.expensesPage.openExpenses();\n_expensesPage.expensesPage.addFuelRecord('50', '75');\n_expensesPage.expensesPage.recordShouldExist('50');",
              "err": {},
              "uuid": "ec3660db-6bcb-4f21-ba43-433aa38cd1d8",
              "parentUUID": "78456720-56c4-4e31-ac89-8333f8ab0294",
              "isHook": false,
              "skipped": true
            }
          ],
          "suites": [],
          "passes": [],
          "failures": [
            "2d5ebb05-2fef-45b0-8f35-3f616816d370"
          ],
          "pending": [],
          "skipped": [
            "ec3660db-6bcb-4f21-ba43-433aa38cd1d8"
          ],
          "duration": 506,
          "root": false,
          "rootEmpty": false,
          "_timeout": 2000
        }
      ],
      "passes": [],
      "failures": [],
      "pending": [],
      "skipped": [],
      "duration": 0,
      "root": true,
      "rootEmpty": true,
      "_timeout": 2000
    }
  ],
  "meta": {
    "mocha": {
      "version": "7.0.1"
    },
    "mochawesome": {
      "options": {
        "quiet": false,
        "reportFilename": "mochawesome",
        "saveHtml": true,
        "saveJson": true,
        "consoleReporter": "spec",
        "useInlineDiffs": false,
        "code": true
      },
      "version": "7.1.3"
    },
    "marge": {
      "options": {
        "reportDir": "cypress/reports",
        "overwrite": false,
        "html": true,
        "json": true
      },
      "version": "6.2.0"
    }
  }
}