{
  "stats": {
    "suites": 2,
    "tests": 4,
    "passes": 4,
    "pending": 0,
    "failures": 0,
    "start": "2025-04-06T14:27:28.522Z",
    "end": "2025-04-06T14:27:47.315Z",
    "duration": 18793,
    "testsRegistered": 4,
    "passPercent": 100,
    "pendingPercent": 0,
    "other": 0,
    "hasOther": false,
    "skipped": 0,
    "hasSkipped": false
  },
  "results": [
    {
      "uuid": "f11bca28-9888-4452-814c-28ad7e08229b",
      "title": "",
      "fullFile": "cypress\\e2e\\registration.cy.js",
      "file": "cypress\\e2e\\registration.cy.js",
      "beforeHooks": [],
      "afterHooks": [],
      "tests": [],
      "suites": [
        {
          "uuid": "609950fc-a1a6-4d51-9ffa-2456fbe1e2cd",
          "title": "Registration Form - Validation",
          "fullFile": "",
          "file": "",
          "beforeHooks": [],
          "afterHooks": [],
          "tests": [
            {
              "title": "Should validate empty required fields on blur",
              "fullTitle": "Registration Form - Validation Should validate empty required fields on blur",
              "timedOut": null,
              "duration": 4433,
              "state": "passed",
              "speed": "fast",
              "pass": true,
              "fail": false,
              "pending": false,
              "context": null,
              "code": "cy.get('#signupName').focus().blur();\ncy.contains('Name required');\ncy.get('#signupLastName').focus().blur();\ncy.contains('Last name required');\ncy.get('#signupEmail').focus().blur();\ncy.contains('Email required');\ncy.get('#signupPassword').focus().blur();\ncy.contains('Password required');\ncy.get('#signupRepeatPassword').focus().blur();\ncy.contains('Re-enter password required');",
              "err": {},
              "uuid": "e9641421-1e26-4a0f-ba25-f5f08613bb65",
              "parentUUID": "609950fc-a1a6-4d51-9ffa-2456fbe1e2cd",
              "isHook": false,
              "skipped": false
            },
            {
              "title": "Should validate incorrect email and name length",
              "fullTitle": "Registration Form - Validation Should validate incorrect email and name length",
              "timedOut": null,
              "duration": 2725,
              "state": "passed",
              "speed": "fast",
              "pass": true,
              "fail": false,
              "pending": false,
              "context": null,
              "code": "cy.get('#signupName').type('A').blur();\ncy.contains('Name has to be from 2 to 20 characters long');\ncy.get('#signupLastName').type('A'.repeat(25)).blur();\ncy.contains('Last name has to be from 2 to 20 characters long');\ncy.get('#signupEmail').type('notanemail').blur();\ncy.contains('Email is incorrect');",
              "err": {},
              "uuid": "fdb30445-9b9b-49dd-af13-f060553c15ca",
              "parentUUID": "609950fc-a1a6-4d51-9ffa-2456fbe1e2cd",
              "isHook": false,
              "skipped": false
            },
            {
              "title": "Should disable \"Register\" button for invalid form",
              "fullTitle": "Registration Form - Validation Should disable \"Register\" button for invalid form",
              "timedOut": null,
              "duration": 2269,
              "state": "passed",
              "speed": "fast",
              "pass": true,
              "fail": false,
              "pending": false,
              "context": null,
              "code": "cy.contains('Register').should('be.disabled');",
              "err": {},
              "uuid": "b2184de6-1d1e-479a-8f5a-abec767d8ee3",
              "parentUUID": "609950fc-a1a6-4d51-9ffa-2456fbe1e2cd",
              "isHook": false,
              "skipped": false
            }
          ],
          "suites": [],
          "passes": [
            "e9641421-1e26-4a0f-ba25-f5f08613bb65",
            "fdb30445-9b9b-49dd-af13-f060553c15ca",
            "b2184de6-1d1e-479a-8f5a-abec767d8ee3"
          ],
          "failures": [],
          "pending": [],
          "skipped": [],
          "duration": 9427,
          "root": false,
          "rootEmpty": false,
          "_timeout": 2000
        },
        {
          "uuid": "69234ab6-599a-4d98-be84-900cd11fa525",
          "title": "Successful Registration and Login",
          "fullFile": "",
          "file": "",
          "beforeHooks": [],
          "afterHooks": [],
          "tests": [
            {
              "title": "Should register new user and login using custom command",
              "fullTitle": "Successful Registration and Login Should register new user and login using custom command",
              "timedOut": null,
              "duration": 8743,
              "state": "passed",
              "speed": "medium",
              "pass": true,
              "fail": false,
              "pending": false,
              "context": null,
              "code": "cy.get('#signupName').type('TestUser');\ncy.get('#signupLastName').type('Cypress');\ncy.get('#signupEmail').type(uniqEmail);\ncy.get('#signupPassword').type(password, {\n  sensitive: true\n});\ncy.get('#signupRepeatPassword').type(password, {\n  sensitive: true\n});\ncy.contains('Register').should('not.be.disabled').click();\ncy.get('button#userNavDropdown', {\n  timeout: 10000\n}).should('be.visible');\ncy.get('button#userNavDropdown').click();\ncy.contains('button', 'Logout').click();\ncy.login(uniqEmail, password);",
              "err": {},
              "uuid": "f71bb728-d635-4bc0-bc6f-53a4d8fdcfe0",
              "parentUUID": "69234ab6-599a-4d98-be84-900cd11fa525",
              "isHook": false,
              "skipped": false
            }
          ],
          "suites": [],
          "passes": [
            "f71bb728-d635-4bc0-bc6f-53a4d8fdcfe0"
          ],
          "failures": [],
          "pending": [],
          "skipped": [],
          "duration": 8743,
          "root": false,
          "rootEmpty": false,
          "_timeout": 2000
        }
      ],
      "passes": [],
      "failures": [],
      "pending": [],
      "skipped": [],
      "duration": 0,
      "root": true,
      "rootEmpty": true,
      "_timeout": 2000
    }
  ],
  "meta": {
    "mocha": {
      "version": "7.0.1"
    },
    "mochawesome": {
      "options": {
        "quiet": false,
        "reportFilename": "mochawesome",
        "saveHtml": true,
        "saveJson": true,
        "consoleReporter": "spec",
        "useInlineDiffs": false,
        "code": true
      },
      "version": "7.1.3"
    },
    "marge": {
      "options": {
        "reportDir": "cypress/reports",
        "overwrite": false,
        "html": true,
        "json": true
      },
      "version": "6.2.0"
    }
  }
}