{
  "stats": {
    "suites": 2,
    "tests": 4,
    "passes": 4,
    "pending": 0,
    "failures": 0,
    "start": "2025-04-06T14:35:45.521Z",
    "end": "2025-04-06T14:36:05.232Z",
    "duration": 19711,
    "testsRegistered": 4,
    "passPercent": 100,
    "pendingPercent": 0,
    "other": 0,
    "hasOther": false,
    "skipped": 0,
    "hasSkipped": false
  },
  "results": [
    {
      "uuid": "c3f7e59b-9108-4e10-884f-32e21f6dab17",
      "title": "",
      "fullFile": "cypress\\e2e\\registration.cy.js",
      "file": "cypress\\e2e\\registration.cy.js",
      "beforeHooks": [],
      "afterHooks": [],
      "tests": [],
      "suites": [
        {
          "uuid": "25e3febc-44fc-4453-b95d-edceff09fccb",
          "title": "Registration Form - Validation",
          "fullFile": "",
          "file": "",
          "beforeHooks": [],
          "afterHooks": [],
          "tests": [
            {
              "title": "Should validate empty required fields on blur",
              "fullTitle": "Registration Form - Validation Should validate empty required fields on blur",
              "timedOut": null,
              "duration": 4109,
              "state": "passed",
              "speed": "fast",
              "pass": true,
              "fail": false,
              "pending": false,
              "context": null,
              "code": "cy.get('#signupName').focus().blur();\ncy.contains('Name required');\ncy.get('#signupLastName').focus().blur();\ncy.contains('Last name required');\ncy.get('#signupEmail').focus().blur();\ncy.contains('Email required');\ncy.get('#signupPassword').focus().blur();\ncy.contains('Password required');\ncy.get('#signupRepeatPassword').focus().blur();\ncy.contains('Re-enter password required');",
              "err": {},
              "uuid": "f6dda286-0e19-43a4-a036-b004294012ae",
              "parentUUID": "25e3febc-44fc-4453-b95d-edceff09fccb",
              "isHook": false,
              "skipped": false
            },
            {
              "title": "Should validate incorrect email and name length",
              "fullTitle": "Registration Form - Validation Should validate incorrect email and name length",
              "timedOut": null,
              "duration": 3303,
              "state": "passed",
              "speed": "fast",
              "pass": true,
              "fail": false,
              "pending": false,
              "context": null,
              "code": "cy.get('#signupName').type('A').blur();\ncy.contains('Name has to be from 2 to 20 characters long');\ncy.get('#signupLastName').type('A'.repeat(25)).blur();\ncy.contains('Last name has to be from 2 to 20 characters long');\ncy.get('#signupEmail').type('notanemail').blur();\ncy.contains('Email is incorrect');",
              "err": {},
              "uuid": "921ecbad-1f40-4f80-a254-f4347440ee4b",
              "parentUUID": "25e3febc-44fc-4453-b95d-edceff09fccb",
              "isHook": false,
              "skipped": false
            },
            {
              "title": "Should disable \"Register\" button for invalid form",
              "fullTitle": "Registration Form - Validation Should disable \"Register\" button for invalid form",
              "timedOut": null,
              "duration": 1604,
              "state": "passed",
              "speed": "fast",
              "pass": true,
              "fail": false,
              "pending": false,
              "context": null,
              "code": "cy.contains('Register').should('be.disabled');",
              "err": {},
              "uuid": "d72badd4-7682-43e9-b27d-1f4512db697d",
              "parentUUID": "25e3febc-44fc-4453-b95d-edceff09fccb",
              "isHook": false,
              "skipped": false
            }
          ],
          "suites": [],
          "passes": [
            "f6dda286-0e19-43a4-a036-b004294012ae",
            "921ecbad-1f40-4f80-a254-f4347440ee4b",
            "d72badd4-7682-43e9-b27d-1f4512db697d"
          ],
          "failures": [],
          "pending": [],
          "skipped": [],
          "duration": 9016,
          "root": false,
          "rootEmpty": false,
          "_timeout": 2000
        },
        {
          "uuid": "e2fab986-34d5-4853-96d4-c6c14ae57393",
          "title": "Successful Registration and Login",
          "fullFile": "",
          "file": "",
          "beforeHooks": [],
          "afterHooks": [],
          "tests": [
            {
              "title": "Should register new user and login using custom command",
              "fullTitle": "Successful Registration and Login Should register new user and login using custom command",
              "timedOut": null,
              "duration": 10082,
              "state": "passed",
              "speed": "slow",
              "pass": true,
              "fail": false,
              "pending": false,
              "context": null,
              "code": "cy.get('#signupName').type('TestUser');\ncy.get('#signupLastName').type('Cypress');\ncy.get('#signupEmail').type(uniqEmail);\ncy.get('#signupPassword').type(password, {\n  sensitive: true\n});\ncy.get('#signupRepeatPassword').type(password, {\n  sensitive: true\n});\ncy.contains('Register').should('not.be.disabled').click();\ncy.get('button#userNavDropdown', {\n  timeout: 10000\n}).should('be.visible');\ncy.get('button#userNavDropdown').click();\ncy.contains('button', 'Logout').click();\ncy.login(uniqEmail, password);",
              "err": {},
              "uuid": "c15773c9-e661-43c3-8f18-b4cd38be7842",
              "parentUUID": "e2fab986-34d5-4853-96d4-c6c14ae57393",
              "isHook": false,
              "skipped": false
            }
          ],
          "suites": [],
          "passes": [
            "c15773c9-e661-43c3-8f18-b4cd38be7842"
          ],
          "failures": [],
          "pending": [],
          "skipped": [],
          "duration": 10082,
          "root": false,
          "rootEmpty": false,
          "_timeout": 2000
        }
      ],
      "passes": [],
      "failures": [],
      "pending": [],
      "skipped": [],
      "duration": 0,
      "root": true,
      "rootEmpty": true,
      "_timeout": 2000
    }
  ],
  "meta": {
    "mocha": {
      "version": "7.0.1"
    },
    "mochawesome": {
      "options": {
        "quiet": false,
        "reportFilename": "mochawesome",
        "saveHtml": true,
        "saveJson": true,
        "consoleReporter": "spec",
        "useInlineDiffs": false,
        "code": true
      },
      "version": "7.1.3"
    },
    "marge": {
      "options": {
        "reportDir": "cypress/reports",
        "overwrite": false,
        "html": true,
        "json": true
      },
      "version": "6.2.0"
    }
  }
}