{
  "stats": {
    "suites": 2,
    "tests": 2,
    "passes": 0,
    "pending": 0,
    "failures": 2,
    "start": "2025-04-06T17:34:54.436Z",
    "end": "2025-04-06T17:35:21.339Z",
    "duration": 26903,
    "testsRegistered": 2,
    "passPercent": 0,
    "pendingPercent": 0,
    "other": 0,
    "hasOther": false,
    "skipped": 0,
    "hasSkipped": false
  },
  "results": [
    {
      "uuid": "af98a1cb-8b43-464d-9666-6e8ef98d0f99",
      "title": "",
      "fullFile": "cypress\\e2e\\garage_expenses.cy.js",
      "file": "cypress\\e2e\\garage_expenses.cy.js",
      "beforeHooks": [],
      "afterHooks": [],
      "tests": [],
      "suites": [
        {
          "uuid": "769618a8-4080-4b6a-aeb5-6f1fc95858ea",
          "title": "Garage & Fuel Expenses Flow for qauto",
          "fullFile": "",
          "file": "",
          "beforeHooks": [],
          "afterHooks": [],
          "tests": [
            {
              "title": "should add a car and add fuel expense",
              "fullTitle": "Garage & Fuel Expenses Flow for qauto should add a car and add fuel expense",
              "timedOut": null,
              "duration": 9884,
              "state": "failed",
              "speed": null,
              "pass": false,
              "fail": true,
              "pending": false,
              "context": null,
              "code": "_garagePage.garagePage.openAddCarForm();\n_garagePage.garagePage.fillCarForm('Audi', 'Q7', '123456');\n_garagePage.garagePage.submitCar();\n_garagePage.garagePage.carShouldBeVisible('Q7');\n_expensesPage.expensesPage.openFuelExpenseModal('Q7');\n_expensesPage.expensesPage.fillExpenseForm('50', '100', '123500');\n_expensesPage.expensesPage.submitExpense();",
              "err": {
                "message": "AssertionError: Timed out retrying after 4000ms: Expected <ngb-modal-window.d-block.modal.fade.show> not to exist in the DOM, but it was continuously found.",
                "estack": "AssertionError: Timed out retrying after 4000ms: Expected <ngb-modal-window.d-block.modal.fade.show> not to exist in the DOM, but it was continuously found.\n    at Object.submitCar (webpack://aqa-cypress/./cypress/pages/garagePage.js:15:31)\n    at Context.eval (webpack://aqa-cypress/./cypress/e2e/garage_expenses.cy.js:22:17)",
                "diff": null
              },
              "uuid": "5c174e44-bd3c-4eaa-83ab-7e35b8382fe0",
              "parentUUID": "769618a8-4080-4b6a-aeb5-6f1fc95858ea",
              "isHook": false,
              "skipped": false
            }
          ],
          "suites": [],
          "passes": [],
          "failures": [
            "5c174e44-bd3c-4eaa-83ab-7e35b8382fe0"
          ],
          "pending": [],
          "skipped": [],
          "duration": 9884,
          "root": false,
          "rootEmpty": false,
          "_timeout": 2000
        },
        {
          "uuid": "7e4d4ac1-e4bd-4e0e-b4c9-6645e99af90a",
          "title": "Garage & Fuel Expenses Flow for qauto2",
          "fullFile": "",
          "file": "",
          "beforeHooks": [],
          "afterHooks": [],
          "tests": [
            {
              "title": "should add a car and add fuel expense",
              "fullTitle": "Garage & Fuel Expenses Flow for qauto2 should add a car and add fuel expense",
              "timedOut": null,
              "duration": 16889,
              "state": "failed",
              "speed": null,
              "pass": false,
              "fail": true,
              "pending": false,
              "context": null,
              "code": "_garagePage.garagePage.openAddCarForm();\n_garagePage.garagePage.fillCarForm('Audi', 'Q7', '123456');\n_garagePage.garagePage.submitCar();\n_garagePage.garagePage.carShouldBeVisible('Q7');\n_expensesPage.expensesPage.openFuelExpenseModal('Q7');\n_expensesPage.expensesPage.fillExpenseForm('50', '100', '123500');\n_expensesPage.expensesPage.submitExpense();",
              "err": {
                "message": "AssertionError: Timed out retrying after 15000ms: Expected to find element: `button#userNavDropdown`, but never found it.\n\nBecause this error occurred during a `before all` hook we are skipping the remaining tests in the current suite: `Garage & Fuel Expenses Flow...`",
                "estack": "AssertionError: Timed out retrying after 15000ms: Expected to find element: `button#userNavDropdown`, but never found it.\n\nBecause this error occurred during a `before all` hook we are skipping the remaining tests in the current suite: `Garage & Fuel Expenses Flow...`\n    at Context.eval (webpack://aqa-cypress/./cypress/support/commands.js:14:55)\n    at wrapped (https://qauto.forstudy.space/__cypress/runner/cypress_runner.js:138854:43)",
                "diff": null
              },
              "uuid": "fa3c882f-a66d-44b9-bad4-5815b8e4f4f0",
              "parentUUID": "7e4d4ac1-e4bd-4e0e-b4c9-6645e99af90a",
              "isHook": false,
              "skipped": false
            }
          ],
          "suites": [],
          "passes": [],
          "failures": [
            "fa3c882f-a66d-44b9-bad4-5815b8e4f4f0"
          ],
          "pending": [],
          "skipped": [],
          "duration": 16889,
          "root": false,
          "rootEmpty": false,
          "_timeout": 2000
        }
      ],
      "passes": [],
      "failures": [],
      "pending": [],
      "skipped": [],
      "duration": 0,
      "root": true,
      "rootEmpty": true,
      "_timeout": 2000
    }
  ],
  "meta": {
    "mocha": {
      "version": "7.0.1"
    },
    "mochawesome": {
      "options": {
        "quiet": false,
        "reportFilename": "mochawesome",
        "saveHtml": true,
        "saveJson": true,
        "consoleReporter": "spec",
        "useInlineDiffs": false,
        "code": true
      },
      "version": "7.1.3"
    },
    "marge": {
      "options": {
        "reportDir": "cypress/reports",
        "overwrite": false,
        "html": true,
        "json": true
      },
      "version": "6.2.0"
    }
  }
}