{
  "stats": {
    "suites": 1,
    "tests": 2,
    "passes": 0,
    "pending": 0,
    "failures": 2,
    "start": "2025-04-06T15:29:20.183Z",
    "end": "2025-04-06T15:29:46.235Z",
    "duration": 26052,
    "testsRegistered": 2,
    "passPercent": 0,
    "pendingPercent": 0,
    "other": 0,
    "hasOther": false,
    "skipped": 0,
    "hasSkipped": false
  },
  "results": [
    {
      "uuid": "69791588-3ac5-48ae-b01d-0588b871e417",
      "title": "",
      "fullFile": "cypress\\e2e\\garage_expenses.cy.js",
      "file": "cypress\\e2e\\garage_expenses.cy.js",
      "beforeHooks": [],
      "afterHooks": [],
      "tests": [],
      "suites": [
        {
          "uuid": "97df6ab6-c9ad-4531-855f-ac5af30f7389",
          "title": "Garage & Fuel Expenses Flow",
          "fullFile": "",
          "file": "",
          "beforeHooks": [],
          "afterHooks": [],
          "tests": [
            {
              "title": "Add a new car",
              "fullTitle": "Garage & Fuel Expenses Flow Add a new car",
              "timedOut": null,
              "duration": 17758,
              "state": "failed",
              "speed": null,
              "pass": false,
              "fail": true,
              "pending": false,
              "context": null,
              "code": "_garagePage.garagePage.openAddCarForm();\n_garagePage.garagePage.fillCarForm('Audi', 'Q7', '123456');\n_garagePage.garagePage.submitCar();\n_garagePage.garagePage.carShouldBeVisible('Q7');",
              "err": {
                "message": "AssertionError: Timed out retrying after 10000ms: Expected to find element: `select[name=\"brand\"]`, but never found it.",
                "estack": "AssertionError: Timed out retrying after 10000ms: Expected to find element: `select[name=\"brand\"]`, but never found it.\n    at Object.openAddCarForm (webpack://aqa-cypress/./cypress/pages/garagePage.js:4:55)\n    at Context.eval (webpack://aqa-cypress/./cypress/e2e/garage_expenses.cy.js:21:15)",
                "diff": null
              },
              "uuid": "c4b9dfd0-7184-4cc1-96b1-fa8e12b5e604",
              "parentUUID": "97df6ab6-c9ad-4531-855f-ac5af30f7389",
              "isHook": false,
              "skipped": false
            },
            {
              "title": "Add fuel expense to the car",
              "fullTitle": "Garage & Fuel Expenses Flow Add fuel expense to the car",
              "timedOut": null,
              "duration": 8121,
              "state": "failed",
              "speed": null,
              "pass": false,
              "fail": true,
              "pending": false,
              "context": null,
              "code": "_expensesPage.expensesPage.openExpenses();\n_expensesPage.expensesPage.addFuelRecord('50', '75');\n_expensesPage.expensesPage.recordShouldExist('50');",
              "err": {
                "message": "AssertionError: Timed out retrying after 4000ms: Expected to find content: 'Add expense' but never did.",
                "estack": "AssertionError: Timed out retrying after 4000ms: Expected to find content: 'Add expense' but never did.\n    at Object.openExpenses (webpack://aqa-cypress/./cypress/pages/expensesPage.js:3:7)\n    at Context.eval (webpack://aqa-cypress/./cypress/e2e/garage_expenses.cy.js:28:17)",
                "diff": null
              },
              "uuid": "06848e90-914b-4c36-9e87-75939f52ca88",
              "parentUUID": "97df6ab6-c9ad-4531-855f-ac5af30f7389",
              "isHook": false,
              "skipped": false
            }
          ],
          "suites": [],
          "passes": [],
          "failures": [
            "c4b9dfd0-7184-4cc1-96b1-fa8e12b5e604",
            "06848e90-914b-4c36-9e87-75939f52ca88"
          ],
          "pending": [],
          "skipped": [],
          "duration": 25879,
          "root": false,
          "rootEmpty": false,
          "_timeout": 2000
        }
      ],
      "passes": [],
      "failures": [],
      "pending": [],
      "skipped": [],
      "duration": 0,
      "root": true,
      "rootEmpty": true,
      "_timeout": 2000
    }
  ],
  "meta": {
    "mocha": {
      "version": "7.0.1"
    },
    "mochawesome": {
      "options": {
        "quiet": false,
        "reportFilename": "mochawesome",
        "saveHtml": true,
        "saveJson": true,
        "consoleReporter": "spec",
        "useInlineDiffs": false,
        "code": true
      },
      "version": "7.1.3"
    },
    "marge": {
      "options": {
        "reportDir": "cypress/reports",
        "overwrite": false,
        "html": true,
        "json": true
      },
      "version": "6.2.0"
    }
  }
}