{
  "stats": {
    "suites": 1,
    "tests": 3,
    "passes": 3,
    "pending": 0,
    "failures": 0,
    "start": "2025-04-06T14:35:17.199Z",
    "end": "2025-04-06T14:35:24.413Z",
    "duration": 7214,
    "testsRegistered": 3,
    "passPercent": 100,
    "pendingPercent": 0,
    "other": 0,
    "hasOther": false,
    "skipped": 0,
    "hasSkipped": false
  },
  "results": [
    {
      "uuid": "4fac0a29-93dc-45ed-90d5-78327df68df2",
      "title": "",
      "fullFile": "cypress\\e2e\\queries.cy.js",
      "file": "cypress\\e2e\\queries.cy.js",
      "beforeHooks": [],
      "afterHooks": [],
      "tests": [],
      "suites": [
        {
          "uuid": "5c13310e-0b8d-4e4f-9cdf-5129d4a3be3e",
          "title": "Check all buttons and links on the page",
          "fullFile": "",
          "file": "",
          "beforeHooks": [],
          "afterHooks": [],
          "tests": [
            {
              "title": "Should log in using Basic Authentication",
              "fullTitle": "Check all buttons and links on the page Should log in using Basic Authentication",
              "timedOut": null,
              "duration": 4161,
              "state": "passed",
              "speed": "fast",
              "pass": true,
              "fail": false,
              "pending": false,
              "context": null,
              "code": "cy.url().should('include', 'qauto.forstudy.space');",
              "err": {},
              "uuid": "680b3f9c-9a71-404a-98e8-7b183de1cbad",
              "parentUUID": "5c13310e-0b8d-4e4f-9cdf-5129d4a3be3e",
              "isHook": false,
              "skipped": false
            },
            {
              "title": "Should find all buttons in the header",
              "fullTitle": "Check all buttons and links on the page Should find all buttons in the header",
              "timedOut": null,
              "duration": 1074,
              "state": "passed",
              "speed": "fast",
              "pass": true,
              "fail": false,
              "pending": false,
              "context": null,
              "code": "cy.get(\".header_inner .btn\").should(\"have.length.at.least\", 4).each($btn => {\n  cy.wrap($btn).should(\"be.visible\");\n});",
              "err": {},
              "uuid": "cd0b4a9e-8cfd-4188-b7e3-dc5e8171f2aa",
              "parentUUID": "5c13310e-0b8d-4e4f-9cdf-5129d4a3be3e",
              "isHook": false,
              "skipped": false
            },
            {
              "title": "Checks that the links lead to the correct websites",
              "fullTitle": "Check all buttons and links on the page Checks that the links lead to the correct websites",
              "timedOut": null,
              "duration": 1278,
              "state": "passed",
              "speed": "fast",
              "pass": true,
              "fail": false,
              "pending": false,
              "context": null,
              "code": "const expectedLinks = [{\n  url: 'https://www.facebook.com/Hillel.IT.School',\n  name: 'Facebook'\n}, {\n  url: 'https://t.me/ithillel_kyiv',\n  name: 'Telegram'\n}, {\n  url: 'https://www.youtube.com/user/HillelITSchool?sub_confirmation=1',\n  name: 'YouTube'\n}, {\n  url: 'https://www.instagram.com/hillel_itschool/',\n  name: 'Instagram'\n}, {\n  url: 'https://www.linkedin.com/school/ithillel/',\n  name: 'LinkedIn'\n}, {\n  url: 'https://ithillel.ua',\n  name: 'Hillel Main Website'\n}, {\n  url: 'mailto:developer@ithillel.ua',\n  name: 'Email Contact'\n}];\ncy.get('.contacts_socials .socials_link,.contacts_link').each(($el, index) => {\n  cy.wrap($el).should('have.attr', 'href', expectedLinks[index].url).and('not.be.empty');\n});",
              "err": {},
              "uuid": "1a335bc7-e856-4027-898b-9dd6249a2f16",
              "parentUUID": "5c13310e-0b8d-4e4f-9cdf-5129d4a3be3e",
              "isHook": false,
              "skipped": false
            }
          ],
          "suites": [],
          "passes": [
            "680b3f9c-9a71-404a-98e8-7b183de1cbad",
            "cd0b4a9e-8cfd-4188-b7e3-dc5e8171f2aa",
            "1a335bc7-e856-4027-898b-9dd6249a2f16"
          ],
          "failures": [],
          "pending": [],
          "skipped": [],
          "duration": 6513,
          "root": false,
          "rootEmpty": false,
          "_timeout": 2000
        }
      ],
      "passes": [],
      "failures": [],
      "pending": [],
      "skipped": [],
      "duration": 0,
      "root": true,
      "rootEmpty": true,
      "_timeout": 2000
    }
  ],
  "meta": {
    "mocha": {
      "version": "7.0.1"
    },
    "mochawesome": {
      "options": {
        "quiet": false,
        "reportFilename": "mochawesome",
        "saveHtml": true,
        "saveJson": true,
        "consoleReporter": "spec",
        "useInlineDiffs": false,
        "code": true
      },
      "version": "7.1.3"
    },
    "marge": {
      "options": {
        "reportDir": "cypress/reports",
        "overwrite": false,
        "html": true,
        "json": true
      },
      "version": "6.2.0"
    }
  }
}