{
  "stats": {
    "suites": 2,
    "tests": 2,
    "passes": 0,
    "pending": 0,
    "failures": 2,
    "start": "2025-04-06T17:19:47.960Z",
    "end": "2025-04-06T17:20:07.524Z",
    "duration": 19564,
    "testsRegistered": 2,
    "passPercent": 0,
    "pendingPercent": 0,
    "other": 0,
    "hasOther": false,
    "skipped": 0,
    "hasSkipped": false
  },
  "results": [
    {
      "uuid": "de056468-0abd-4135-b37f-23f169b34ca8",
      "title": "",
      "fullFile": "cypress\\e2e\\garage_expenses.cy.js",
      "file": "cypress\\e2e\\garage_expenses.cy.js",
      "beforeHooks": [],
      "afterHooks": [],
      "tests": [],
      "suites": [
        {
          "uuid": "9155f343-3a93-47da-9e85-c5c3a03860dd",
          "title": "Garage & Fuel Expenses Flow for qauto",
          "fullFile": "",
          "file": "",
          "beforeHooks": [],
          "afterHooks": [],
          "tests": [
            {
              "title": "should add a car and add fuel expense",
              "fullTitle": "Garage & Fuel Expenses Flow for qauto should add a car and add fuel expense",
              "timedOut": null,
              "duration": 3294,
              "state": "failed",
              "speed": null,
              "pass": false,
              "fail": true,
              "pending": false,
              "context": null,
              "code": "cy.visit(baseUrl, {\n  auth: {\n    username: 'guest',\n    password: 'welcome2qauto'\n  }\n});\ncy.login(email, password);\n_garagePage.garagePage.openAddCarForm();\n_garagePage.garagePage.fillCarForm('Audi', 'Q7', '123456');\n_garagePage.garagePage.submitCar('Q7');\nif (name === 'qauto') {\n  _garagePage.garagePage.carShouldBeVisible('Q7');\n  _expensesPage.expensesPage.openFuelExpenseModal();\n  _expensesPage.expensesPage.addFuelRecord('50', '100', '123600');\n  _expensesPage.expensesPage.recordShouldExist('50');\n} else {\n  // ❗️На qauto2 баг — машина не добавляется, шаги пропускаем\n  cy.log('🚨 SKIP expense flow due to bug on qauto2');\n}",
              "err": {
                "message": "CypressError: `cy.origin()` requires the first argument to be a different origin than top. You passed `https://qauto.forstudy.space/` to the origin command, while top is at `https://qauto.forstudy.space`.\n\nEither the intended page was not visited prior to running the cy.origin block or the cy.origin block may not be needed at all.\n\nhttps://on.cypress.io/origin",
                "estack": "CypressError: `cy.origin()` requires the first argument to be a different origin than top. You passed `https://qauto.forstudy.space/` to the origin command, while top is at `https://qauto.forstudy.space`.\n\nEither the intended page was not visited prior to running the cy.origin block or the cy.origin block may not be needed at all.\n\nhttps://on.cypress.io/origin\n    at Validator.validateLocation (https://qauto.forstudy.space/__cypress/runner/cypress_runner.js:120898:68)\n    at Context.origin (https://qauto.forstudy.space/__cypress/runner/cypress_runner.js:120604:17)\n    at wrapped (https://qauto.forstudy.space/__cypress/runner/cypress_runner.js:138854:43)\nFrom Your Spec Code:\n    at Context.eval (webpack://aqa-cypress/./cypress/support/commands.js:6:5)\n    at wrapped (https://qauto.forstudy.space/__cypress/runner/cypress_runner.js:138854:43)",
                "diff": null
              },
              "uuid": "dfe2712a-606d-4f4a-a4bd-a912ec3c4c57",
              "parentUUID": "9155f343-3a93-47da-9e85-c5c3a03860dd",
              "isHook": false,
              "skipped": false
            }
          ],
          "suites": [],
          "passes": [],
          "failures": [
            "dfe2712a-606d-4f4a-a4bd-a912ec3c4c57"
          ],
          "pending": [],
          "skipped": [],
          "duration": 3294,
          "root": false,
          "rootEmpty": false,
          "_timeout": 2000
        },
        {
          "uuid": "5f17eb02-c436-4607-b039-b7b20fd61ca3",
          "title": "Garage & Fuel Expenses Flow for qauto2",
          "fullFile": "",
          "file": "",
          "beforeHooks": [],
          "afterHooks": [],
          "tests": [
            {
              "title": "should add a car and add fuel expense",
              "fullTitle": "Garage & Fuel Expenses Flow for qauto2 should add a car and add fuel expense",
              "timedOut": null,
              "duration": 14393,
              "state": "failed",
              "speed": null,
              "pass": false,
              "fail": true,
              "pending": false,
              "context": null,
              "code": "cy.visit(baseUrl, {\n  auth: {\n    username: 'guest',\n    password: 'welcome2qauto'\n  }\n});\ncy.login(email, password);\n_garagePage.garagePage.openAddCarForm();\n_garagePage.garagePage.fillCarForm('Audi', 'Q7', '123456');\n_garagePage.garagePage.submitCar('Q7');\nif (name === 'qauto') {\n  _garagePage.garagePage.carShouldBeVisible('Q7');\n  _expensesPage.expensesPage.openFuelExpenseModal();\n  _expensesPage.expensesPage.addFuelRecord('50', '100', '123600');\n  _expensesPage.expensesPage.recordShouldExist('50');\n} else {\n  // ❗️На qauto2 баг — машина не добавляется, шаги пропускаем\n  cy.log('🚨 SKIP expense flow due to bug on qauto2');\n}",
              "err": {
                "message": "AssertionError: Timed out retrying after 10000ms: Expected to find element: `button#userNavDropdown`, but never found it.",
                "estack": "AssertionError: Timed out retrying after 10000ms: Expected to find element: `button#userNavDropdown`, but never found it.\n    at Context.eval (webpack://aqa-cypress/./cypress/support/commands.js:6:5)\n    at wrapped (https://qauto2.forstudy.space/__cypress/runner/cypress_runner.js:138854:43)",
                "diff": null
              },
              "uuid": "d6607321-97b2-45e2-a9c8-19f735fbdf56",
              "parentUUID": "5f17eb02-c436-4607-b039-b7b20fd61ca3",
              "isHook": false,
              "skipped": false
            }
          ],
          "suites": [],
          "passes": [],
          "failures": [
            "d6607321-97b2-45e2-a9c8-19f735fbdf56"
          ],
          "pending": [],
          "skipped": [],
          "duration": 14393,
          "root": false,
          "rootEmpty": false,
          "_timeout": 2000
        }
      ],
      "passes": [],
      "failures": [],
      "pending": [],
      "skipped": [],
      "duration": 0,
      "root": true,
      "rootEmpty": true,
      "_timeout": 2000
    }
  ],
  "meta": {
    "mocha": {
      "version": "7.0.1"
    },
    "mochawesome": {
      "options": {
        "quiet": false,
        "reportFilename": "mochawesome",
        "saveHtml": true,
        "saveJson": true,
        "consoleReporter": "spec",
        "useInlineDiffs": false,
        "code": true
      },
      "version": "7.1.3"
    },
    "marge": {
      "options": {
        "reportDir": "cypress/reports",
        "overwrite": false,
        "html": true,
        "json": true
      },
      "version": "6.2.0"
    }
  }
}