{
  "stats": {
    "suites": 1,
    "tests": 1,
    "passes": 0,
    "pending": 0,
    "failures": 1,
    "start": "2025-04-06T14:41:54.019Z",
    "end": "2025-04-06T14:42:10.654Z",
    "duration": 16635,
    "testsRegistered": 2,
    "passPercent": 0,
    "pendingPercent": 0,
    "other": 0,
    "hasOther": false,
    "skipped": 1,
    "hasSkipped": true
  },
  "results": [
    {
      "uuid": "21f29df4-303e-455e-8747-0bf4c357424c",
      "title": "",
      "fullFile": "cypress\\e2e\\garage_expenses.cy.js",
      "file": "cypress\\e2e\\garage_expenses.cy.js",
      "beforeHooks": [],
      "afterHooks": [],
      "tests": [],
      "suites": [
        {
          "uuid": "ac100d9e-9cc9-4a66-8dc0-1352d530897f",
          "title": "Garage & Fuel Expenses Flow",
          "fullFile": "",
          "file": "",
          "beforeHooks": [],
          "afterHooks": [],
          "tests": [
            {
              "title": "Add a new car",
              "fullTitle": "Garage & Fuel Expenses Flow Add a new car",
              "timedOut": null,
              "duration": 16495,
              "state": "failed",
              "speed": null,
              "pass": false,
              "fail": true,
              "pending": false,
              "context": null,
              "code": "_garagePage.garagePage.openAddCarForm();\n_garagePage.garagePage.fillCarForm('Audi', 'Q7', '100000');\n_garagePage.garagePage.submitCar();\n_garagePage.garagePage.carShouldBeVisible('Q7');",
              "err": {
                "message": "AssertionError: Timed out retrying after 10000ms: Expected to find element: `button#userNavDropdown`, but never found it.\n\nBecause this error occurred during a `before all` hook we are skipping the remaining tests in the current suite: `Garage & Fuel Expenses Flow`",
                "estack": "AssertionError: Timed out retrying after 10000ms: Expected to find element: `button#userNavDropdown`, but never found it.\n\nBecause this error occurred during a `before all` hook we are skipping the remaining tests in the current suite: `Garage & Fuel Expenses Flow`\n    at Context.eval (webpack://aqa-cypress/./cypress/support/commands.js:16:55)\n    at wrapped (https://qauto.forstudy.space/__cypress/runner/cypress_runner.js:138854:43)",
                "diff": null
              },
              "uuid": "236d8b22-0bde-4835-a347-71461cd03643",
              "parentUUID": "ac100d9e-9cc9-4a66-8dc0-1352d530897f",
              "isHook": false,
              "skipped": false
            },
            {
              "title": "Add fuel expense to car",
              "fullTitle": "Garage & Fuel Expenses Flow Add fuel expense to car",
              "timedOut": null,
              "duration": 0,
              "state": "skipped",
              "speed": null,
              "pass": false,
              "fail": false,
              "pending": false,
              "context": null,
              "code": "_expensesPage.expensesPage.openExpenses();\n_expensesPage.expensesPage.addFuelRecord('50', '75');\n_expensesPage.expensesPage.recordShouldExist('50');",
              "err": {},
              "uuid": "2b314fc1-8e2f-47f4-82d2-dca3e60f70df",
              "parentUUID": "ac100d9e-9cc9-4a66-8dc0-1352d530897f",
              "isHook": false,
              "skipped": true
            }
          ],
          "suites": [],
          "passes": [],
          "failures": [
            "236d8b22-0bde-4835-a347-71461cd03643"
          ],
          "pending": [],
          "skipped": [
            "2b314fc1-8e2f-47f4-82d2-dca3e60f70df"
          ],
          "duration": 16495,
          "root": false,
          "rootEmpty": false,
          "_timeout": 2000
        }
      ],
      "passes": [],
      "failures": [],
      "pending": [],
      "skipped": [],
      "duration": 0,
      "root": true,
      "rootEmpty": true,
      "_timeout": 2000
    }
  ],
  "meta": {
    "mocha": {
      "version": "7.0.1"
    },
    "mochawesome": {
      "options": {
        "quiet": false,
        "reportFilename": "mochawesome",
        "saveHtml": true,
        "saveJson": true,
        "consoleReporter": "spec",
        "useInlineDiffs": false,
        "code": true
      },
      "version": "7.1.3"
    },
    "marge": {
      "options": {
        "reportDir": "cypress/reports",
        "overwrite": false,
        "html": true,
        "json": true
      },
      "version": "6.2.0"
    }
  }
}