{
  "stats": {
    "suites": 2,
    "tests": 2,
    "passes": 0,
    "pending": 0,
    "failures": 2,
    "start": "2025-04-06T17:38:05.215Z",
    "end": "2025-04-06T17:38:34.682Z",
    "duration": 29467,
    "testsRegistered": 2,
    "passPercent": 0,
    "pendingPercent": 0,
    "other": 0,
    "hasOther": false,
    "skipped": 0,
    "hasSkipped": false
  },
  "results": [
    {
      "uuid": "509eacc9-67c4-42ad-bac7-675e7e923ca8",
      "title": "",
      "fullFile": "cypress\\e2e\\garage_expenses.cy.js",
      "file": "cypress\\e2e\\garage_expenses.cy.js",
      "beforeHooks": [],
      "afterHooks": [],
      "tests": [],
      "suites": [
        {
          "uuid": "fe25532e-33b4-4413-a0a0-f1a4b8ca5801",
          "title": "Garage & Fuel Expenses Flow for qauto",
          "fullFile": "",
          "file": "",
          "beforeHooks": [],
          "afterHooks": [],
          "tests": [
            {
              "title": "should add a car and add fuel expense",
              "fullTitle": "Garage & Fuel Expenses Flow for qauto should add a car and add fuel expense",
              "timedOut": null,
              "duration": 12284,
              "state": "failed",
              "speed": null,
              "pass": false,
              "fail": true,
              "pending": false,
              "context": null,
              "code": "cy.login(email, password);\n_garagePage.garagePage.openAddCarForm();\n_garagePage.garagePage.fillCarForm('Audi', 'Q7', '123456');\n_garagePage.garagePage.submitCar();\n_garagePage.garagePage.carShouldBeVisible('Q7');\n_expensesPage.expensesPage.openFuelExpenseModal('Q7');\n_expensesPage.expensesPage.addFuelRecord('123500', '50', '100');\n_expensesPage.expensesPage.expenseShouldBeVisible('50');",
              "err": {
                "message": "AssertionError: Timed out retrying after 4000ms: Expected to find element: `app-add-car-form .modal-footer button.btn.btn-primary`, but never found it.",
                "estack": "AssertionError: Timed out retrying after 4000ms: Expected to find element: `app-add-car-form .modal-footer button.btn.btn-primary`, but never found it.\n    at Object.submitCar (webpack://aqa-cypress/./cypress/pages/garagePage.js:17:7)\n    at Context.eval (webpack://aqa-cypress/./cypress/e2e/garage_expenses.cy.js:20:17)",
                "diff": null
              },
              "uuid": "9e8b995f-e536-4e2c-a051-9d58e2414dac",
              "parentUUID": "fe25532e-33b4-4413-a0a0-f1a4b8ca5801",
              "isHook": false,
              "skipped": false
            }
          ],
          "suites": [],
          "passes": [],
          "failures": [
            "9e8b995f-e536-4e2c-a051-9d58e2414dac"
          ],
          "pending": [],
          "skipped": [],
          "duration": 12284,
          "root": false,
          "rootEmpty": false,
          "_timeout": 2000
        },
        {
          "uuid": "adf48070-0133-4965-a0a6-d2114d1fe341",
          "title": "Garage & Fuel Expenses Flow for qauto2",
          "fullFile": "",
          "file": "",
          "beforeHooks": [],
          "afterHooks": [],
          "tests": [
            {
              "title": "should add a car and add fuel expense",
              "fullTitle": "Garage & Fuel Expenses Flow for qauto2 should add a car and add fuel expense",
              "timedOut": null,
              "duration": 17060,
              "state": "failed",
              "speed": null,
              "pass": false,
              "fail": true,
              "pending": false,
              "context": null,
              "code": "cy.login(email, password);\n_garagePage.garagePage.openAddCarForm();\n_garagePage.garagePage.fillCarForm('Audi', 'Q7', '123456');\n_garagePage.garagePage.submitCar();\n_garagePage.garagePage.carShouldBeVisible('Q7');\n_expensesPage.expensesPage.openFuelExpenseModal('Q7');\n_expensesPage.expensesPage.addFuelRecord('123500', '50', '100');\n_expensesPage.expensesPage.expenseShouldBeVisible('50');",
              "err": {
                "message": "AssertionError: Timed out retrying after 15000ms: Expected to find element: `button#userNavDropdown`, but never found it.",
                "estack": "AssertionError: Timed out retrying after 15000ms: Expected to find element: `button#userNavDropdown`, but never found it.\n    at Context.eval (webpack://aqa-cypress/./cypress/support/commands.js:14:55)\n    at wrapped (https://qauto.forstudy.space/__cypress/runner/cypress_runner.js:138854:43)",
                "diff": null
              },
              "uuid": "101d2e33-a76e-4813-9668-7ef43f3d5812",
              "parentUUID": "adf48070-0133-4965-a0a6-d2114d1fe341",
              "isHook": false,
              "skipped": false
            }
          ],
          "suites": [],
          "passes": [],
          "failures": [
            "101d2e33-a76e-4813-9668-7ef43f3d5812"
          ],
          "pending": [],
          "skipped": [],
          "duration": 17060,
          "root": false,
          "rootEmpty": false,
          "_timeout": 2000
        }
      ],
      "passes": [],
      "failures": [],
      "pending": [],
      "skipped": [],
      "duration": 0,
      "root": true,
      "rootEmpty": true,
      "_timeout": 2000
    }
  ],
  "meta": {
    "mocha": {
      "version": "7.0.1"
    },
    "mochawesome": {
      "options": {
        "quiet": false,
        "reportFilename": "mochawesome",
        "saveHtml": true,
        "saveJson": true,
        "consoleReporter": "spec",
        "useInlineDiffs": false,
        "code": true
      },
      "version": "7.1.3"
    },
    "marge": {
      "options": {
        "reportDir": "cypress/reports",
        "overwrite": false,
        "html": true,
        "json": true
      },
      "version": "6.2.0"
    }
  }
}