{
  "stats": {
    "suites": 1,
    "tests": 3,
    "passes": 3,
    "pending": 0,
    "failures": 0,
    "start": "2025-04-06T14:27:00.142Z",
    "end": "2025-04-06T14:27:06.120Z",
    "duration": 5978,
    "testsRegistered": 3,
    "passPercent": 100,
    "pendingPercent": 0,
    "other": 0,
    "hasOther": false,
    "skipped": 0,
    "hasSkipped": false
  },
  "results": [
    {
      "uuid": "4ec0396f-22b2-4c47-a672-3eacc61bd2ab",
      "title": "",
      "fullFile": "cypress\\e2e\\queries.cy.js",
      "file": "cypress\\e2e\\queries.cy.js",
      "beforeHooks": [],
      "afterHooks": [],
      "tests": [],
      "suites": [
        {
          "uuid": "11945fd7-7745-4282-9c42-d3a3315b8d28",
          "title": "Check all buttons and links on the page",
          "fullFile": "",
          "file": "",
          "beforeHooks": [],
          "afterHooks": [],
          "tests": [
            {
              "title": "Should log in using Basic Authentication",
              "fullTitle": "Check all buttons and links on the page Should log in using Basic Authentication",
              "timedOut": null,
              "duration": 3336,
              "state": "passed",
              "speed": "fast",
              "pass": true,
              "fail": false,
              "pending": false,
              "context": null,
              "code": "cy.url().should('include', 'qauto.forstudy.space');",
              "err": {},
              "uuid": "9c690f8b-a37a-4373-b228-eb0a808c365d",
              "parentUUID": "11945fd7-7745-4282-9c42-d3a3315b8d28",
              "isHook": false,
              "skipped": false
            },
            {
              "title": "Should find all buttons in the header",
              "fullTitle": "Check all buttons and links on the page Should find all buttons in the header",
              "timedOut": null,
              "duration": 1063,
              "state": "passed",
              "speed": "fast",
              "pass": true,
              "fail": false,
              "pending": false,
              "context": null,
              "code": "cy.get(\".header_inner .btn\").should(\"have.length.at.least\", 4).each($btn => {\n  cy.wrap($btn).should(\"be.visible\");\n});",
              "err": {},
              "uuid": "5eea5b3f-066e-4031-9ac9-2e0f83887f4c",
              "parentUUID": "11945fd7-7745-4282-9c42-d3a3315b8d28",
              "isHook": false,
              "skipped": false
            },
            {
              "title": "Checks that the links lead to the correct websites",
              "fullTitle": "Check all buttons and links on the page Checks that the links lead to the correct websites",
              "timedOut": null,
              "duration": 929,
              "state": "passed",
              "speed": "fast",
              "pass": true,
              "fail": false,
              "pending": false,
              "context": null,
              "code": "const expectedLinks = [{\n  url: 'https://www.facebook.com/Hillel.IT.School',\n  name: 'Facebook'\n}, {\n  url: 'https://t.me/ithillel_kyiv',\n  name: 'Telegram'\n}, {\n  url: 'https://www.youtube.com/user/HillelITSchool?sub_confirmation=1',\n  name: 'YouTube'\n}, {\n  url: 'https://www.instagram.com/hillel_itschool/',\n  name: 'Instagram'\n}, {\n  url: 'https://www.linkedin.com/school/ithillel/',\n  name: 'LinkedIn'\n}, {\n  url: 'https://ithillel.ua',\n  name: 'Hillel Main Website'\n}, {\n  url: 'mailto:developer@ithillel.ua',\n  name: 'Email Contact'\n}];\ncy.get('.contacts_socials .socials_link,.contacts_link').each(($el, index) => {\n  cy.wrap($el).should('have.attr', 'href', expectedLinks[index].url).and('not.be.empty');\n});",
              "err": {},
              "uuid": "e2153e09-3227-4aaf-bb15-e41d394f2da9",
              "parentUUID": "11945fd7-7745-4282-9c42-d3a3315b8d28",
              "isHook": false,
              "skipped": false
            }
          ],
          "suites": [],
          "passes": [
            "9c690f8b-a37a-4373-b228-eb0a808c365d",
            "5eea5b3f-066e-4031-9ac9-2e0f83887f4c",
            "e2153e09-3227-4aaf-bb15-e41d394f2da9"
          ],
          "failures": [],
          "pending": [],
          "skipped": [],
          "duration": 5328,
          "root": false,
          "rootEmpty": false,
          "_timeout": 2000
        }
      ],
      "passes": [],
      "failures": [],
      "pending": [],
      "skipped": [],
      "duration": 0,
      "root": true,
      "rootEmpty": true,
      "_timeout": 2000
    }
  ],
  "meta": {
    "mocha": {
      "version": "7.0.1"
    },
    "mochawesome": {
      "options": {
        "quiet": false,
        "reportFilename": "mochawesome",
        "saveHtml": true,
        "saveJson": true,
        "consoleReporter": "spec",
        "useInlineDiffs": false,
        "code": true
      },
      "version": "7.1.3"
    },
    "marge": {
      "options": {
        "reportDir": "cypress/reports",
        "overwrite": false,
        "html": true,
        "json": true
      },
      "version": "6.2.0"
    }
  }
}