{
  "stats": {
    "suites": 1,
    "tests": 2,
    "passes": 2,
    "pending": 0,
    "failures": 0,
    "start": "2025-04-06T18:43:03.988Z",
    "end": "2025-04-06T18:43:21.988Z",
    "duration": 18000,
    "testsRegistered": 2,
    "passPercent": 100,
    "pendingPercent": 0,
    "other": 0,
    "hasOther": false,
    "skipped": 0,
    "hasSkipped": false
  },
  "results": [
    {
      "uuid": "a58f3b39-e92e-49c6-ba5c-fc7c7645ecec",
      "title": "",
      "fullFile": "cypress\\e2e\\garage_expenses.cy.js",
      "file": "cypress\\e2e\\garage_expenses.cy.js",
      "beforeHooks": [],
      "afterHooks": [],
      "tests": [],
      "suites": [
        {
          "uuid": "e63e47f6-03d5-4fd2-8a0d-38839792cd06",
          "title": "Garage & Fuel Expenses Flow",
          "fullFile": "",
          "file": "",
          "beforeHooks": [],
          "afterHooks": [],
          "tests": [
            {
              "title": "Add a new car",
              "fullTitle": "Garage & Fuel Expenses Flow Add a new car",
              "timedOut": null,
              "duration": 12723,
              "state": "passed",
              "speed": "slow",
              "pass": true,
              "fail": false,
              "pending": false,
              "context": null,
              "code": "_garagePage.garagePage.openAddCarForm();\n_garagePage.garagePage.fillCarForm('Audi', 'Q7', '123456');\n_garagePage.garagePage.submitCar();\n_garagePage.garagePage.carShouldBeVisible('Q7');",
              "err": {},
              "uuid": "b4c8bee6-5df1-41ca-82ec-5114b353f75a",
              "parentUUID": "e63e47f6-03d5-4fd2-8a0d-38839792cd06",
              "isHook": false,
              "skipped": false
            },
            {
              "title": "Add fuel expense to the car",
              "fullTitle": "Garage & Fuel Expenses Flow Add fuel expense to the car",
              "timedOut": null,
              "duration": 5118,
              "state": "passed",
              "speed": "medium",
              "pass": true,
              "fail": false,
              "pending": false,
              "context": null,
              "code": "_expensesPage.expensesPage.openFuelExpenseModal();\n_expensesPage.expensesPage.addFuelRecord('50', '100', '123600');\n_expensesPage.expensesPage.recordShouldExist('50');",
              "err": {},
              "uuid": "b4c994bf-3682-4abe-85b8-bfaf20c8be73",
              "parentUUID": "e63e47f6-03d5-4fd2-8a0d-38839792cd06",
              "isHook": false,
              "skipped": false
            }
          ],
          "suites": [],
          "passes": [
            "b4c8bee6-5df1-41ca-82ec-5114b353f75a",
            "b4c994bf-3682-4abe-85b8-bfaf20c8be73"
          ],
          "failures": [],
          "pending": [],
          "skipped": [],
          "duration": 17841,
          "root": false,
          "rootEmpty": false,
          "_timeout": 2000
        }
      ],
      "passes": [],
      "failures": [],
      "pending": [],
      "skipped": [],
      "duration": 0,
      "root": true,
      "rootEmpty": true,
      "_timeout": 2000
    }
  ],
  "meta": {
    "mocha": {
      "version": "7.0.1"
    },
    "mochawesome": {
      "options": {
        "quiet": false,
        "reportFilename": "mochawesome",
        "saveHtml": true,
        "saveJson": true,
        "consoleReporter": "spec",
        "useInlineDiffs": false,
        "code": true
      },
      "version": "7.1.3"
    },
    "marge": {
      "options": {
        "reportDir": "cypress/reports",
        "overwrite": false,
        "html": true,
        "json": true
      },
      "version": "6.2.0"
    }
  }
}