{
  "stats": {
    "suites": 1,
    "tests": 1,
    "passes": 0,
    "pending": 0,
    "failures": 1,
    "start": "2025-04-06T16:19:54.878Z",
    "end": "2025-04-06T16:20:10.951Z",
    "duration": 16073,
    "testsRegistered": 2,
    "passPercent": 0,
    "pendingPercent": 0,
    "other": 0,
    "hasOther": false,
    "skipped": 1,
    "hasSkipped": true
  },
  "results": [
    {
      "uuid": "57b53d0a-a1c8-4342-bf6e-fb954e36d299",
      "title": "",
      "fullFile": "cypress\\e2e\\garage_expenses.cy.js",
      "file": "cypress\\e2e\\garage_expenses.cy.js",
      "beforeHooks": [],
      "afterHooks": [],
      "tests": [],
      "suites": [
        {
          "uuid": "993f0098-c8a6-4852-a0a1-c80fe1d632d0",
          "title": "Garage & Fuel Expenses Flow",
          "fullFile": "",
          "file": "",
          "beforeHooks": [],
          "afterHooks": [],
          "tests": [
            {
              "title": "Add a new car",
              "fullTitle": "Garage & Fuel Expenses Flow Add a new car",
              "timedOut": null,
              "duration": 15922,
              "state": "failed",
              "speed": null,
              "pass": false,
              "fail": true,
              "pending": false,
              "context": null,
              "code": "_garagePage.garagePage.openAddCarForm();\n_garagePage.garagePage.fillCarForm('Audi', 'Q7', '123456');\n_garagePage.garagePage.submitCar();\n_garagePage.garagePage.carShouldBeVisible('Q7');",
              "err": {
                "message": "AssertionError: Timed out retrying after 10000ms: Expected to find element: `button#userNavDropdown`, but never found it.\n\nBecause this error occurred during a `before each` hook we are skipping the remaining tests in the current suite: `Garage & Fuel Expenses Flow`",
                "estack": "AssertionError: Timed out retrying after 10000ms: Expected to find element: `button#userNavDropdown`, but never found it.\n\nBecause this error occurred during a `before each` hook we are skipping the remaining tests in the current suite: `Garage & Fuel Expenses Flow`\n    at Context.eval (webpack://aqa-cypress/./cypress/support/commands.js:16:55)\n    at wrapped (https://qauto2.forstudy.space/__cypress/runner/cypress_runner.js:138854:43)",
                "diff": null
              },
              "uuid": "89d1f05a-2347-4342-930b-285449a67b03",
              "parentUUID": "993f0098-c8a6-4852-a0a1-c80fe1d632d0",
              "isHook": false,
              "skipped": false
            },
            {
              "title": "Add fuel expense to the car",
              "fullTitle": "Garage & Fuel Expenses Flow Add fuel expense to the car",
              "timedOut": null,
              "duration": 0,
              "state": "skipped",
              "speed": null,
              "pass": false,
              "fail": false,
              "pending": false,
              "context": null,
              "code": "_expensesPage.expensesPage.openFuelExpenseModal();\n_expensesPage.expensesPage.addFuelRecord('50', '100', '123600'); // 👉 больше чем 123456\n_expensesPage.expensesPage.recordShouldExist('50');",
              "err": {},
              "uuid": "eb4b205e-f220-4591-acbf-c3b0f0a326a2",
              "parentUUID": "993f0098-c8a6-4852-a0a1-c80fe1d632d0",
              "isHook": false,
              "skipped": true
            }
          ],
          "suites": [],
          "passes": [],
          "failures": [
            "89d1f05a-2347-4342-930b-285449a67b03"
          ],
          "pending": [],
          "skipped": [
            "eb4b205e-f220-4591-acbf-c3b0f0a326a2"
          ],
          "duration": 15922,
          "root": false,
          "rootEmpty": false,
          "_timeout": 2000
        }
      ],
      "passes": [],
      "failures": [],
      "pending": [],
      "skipped": [],
      "duration": 0,
      "root": true,
      "rootEmpty": true,
      "_timeout": 2000
    }
  ],
  "meta": {
    "mocha": {
      "version": "7.0.1"
    },
    "mochawesome": {
      "options": {
        "quiet": false,
        "reportFilename": "mochawesome",
        "saveHtml": true,
        "saveJson": true,
        "consoleReporter": "spec",
        "useInlineDiffs": false,
        "code": true
      },
      "version": "7.1.3"
    },
    "marge": {
      "options": {
        "reportDir": "cypress/reports-qauto2",
        "overwrite": false,
        "html": true,
        "json": true
      },
      "version": "6.2.0"
    }
  }
}