{
  "stats": {
    "suites": 1,
    "tests": 2,
    "passes": 1,
    "pending": 0,
    "failures": 1,
    "start": "2025-04-06T18:49:56.972Z",
    "end": "2025-04-06T18:50:26.232Z",
    "duration": 29260,
    "testsRegistered": 2,
    "passPercent": 50,
    "pendingPercent": 0,
    "other": 0,
    "hasOther": false,
    "skipped": 0,
    "hasSkipped": false
  },
  "results": [
    {
      "uuid": "9c5ff302-2880-486c-9152-f05cca7ffd7c",
      "title": "",
      "fullFile": "cypress\\e2e\\garage_expenses.cy.js",
      "file": "cypress\\e2e\\garage_expenses.cy.js",
      "beforeHooks": [],
      "afterHooks": [],
      "tests": [],
      "suites": [
        {
          "uuid": "fb101ce0-c2a6-4d13-bfe0-decdfc3f9a18",
          "title": "Garage & Fuel Expenses Flow",
          "fullFile": "",
          "file": "",
          "beforeHooks": [],
          "afterHooks": [],
          "tests": [
            {
              "title": "Add a new car",
              "fullTitle": "Garage & Fuel Expenses Flow Add a new car",
              "timedOut": null,
              "duration": 15279,
              "state": "passed",
              "speed": "slow",
              "pass": true,
              "fail": false,
              "pending": false,
              "context": null,
              "code": "_garagePage.garagePage.openAddCarForm();\n_garagePage.garagePage.fillCarForm('Audi', 'Q7', '123456');\n_garagePage.garagePage.submitCar();\n_garagePage.garagePage.carShouldBeVisible('Q7');",
              "err": {},
              "uuid": "2460f78b-da0d-48ac-a145-b2db43fb8de6",
              "parentUUID": "fb101ce0-c2a6-4d13-bfe0-decdfc3f9a18",
              "isHook": false,
              "skipped": false
            },
            {
              "title": "Add fuel expense to the car",
              "fullTitle": "Garage & Fuel Expenses Flow Add fuel expense to the car",
              "timedOut": null,
              "duration": 13861,
              "state": "failed",
              "speed": null,
              "pass": false,
              "fail": true,
              "pending": false,
              "context": null,
              "code": "_expensesPage.expensesPage.openFuelExpenseModal();\n_expensesPage.expensesPage.addFuelRecord('50', '100', '123600');\n_expensesPage.expensesPage.recordShouldExist('50');",
              "err": {
                "message": "AssertionError: Timed out retrying after 10000ms: Expected to find content: 'Add fuel expense' within the selector: 'button' but never did.",
                "estack": "AssertionError: Timed out retrying after 10000ms: Expected to find content: 'Add fuel expense' within the selector: 'button' but never did.\n    at Object.openFuelExpenseModal (webpack://aqa-cypress/./cypress/pages/expensesPage.js:45:7)\n    at Context.eval (webpack://aqa-cypress/./cypress/e2e/garage_expenses.cy.js:30:17)",
                "diff": null
              },
              "uuid": "4f04c83b-b734-4bf1-81e0-fbbac420dc5a",
              "parentUUID": "fb101ce0-c2a6-4d13-bfe0-decdfc3f9a18",
              "isHook": false,
              "skipped": false
            }
          ],
          "suites": [],
          "passes": [
            "2460f78b-da0d-48ac-a145-b2db43fb8de6"
          ],
          "failures": [
            "4f04c83b-b734-4bf1-81e0-fbbac420dc5a"
          ],
          "pending": [],
          "skipped": [],
          "duration": 29140,
          "root": false,
          "rootEmpty": false,
          "_timeout": 2000
        }
      ],
      "passes": [],
      "failures": [],
      "pending": [],
      "skipped": [],
      "duration": 0,
      "root": true,
      "rootEmpty": true,
      "_timeout": 2000
    }
  ],
  "meta": {
    "mocha": {
      "version": "7.0.1"
    },
    "mochawesome": {
      "options": {
        "quiet": false,
        "reportFilename": "mochawesome",
        "saveHtml": true,
        "saveJson": true,
        "consoleReporter": "spec",
        "useInlineDiffs": false,
        "code": true
      },
      "version": "7.1.3"
    },
    "marge": {
      "options": {
        "reportDir": "cypress/reports-qauto2",
        "overwrite": false,
        "html": true,
        "json": true
      },
      "version": "6.2.0"
    }
  }
}