{
  "stats": {
    "suites": 1,
    "tests": 3,
    "passes": 3,
    "pending": 0,
    "failures": 0,
    "start": "2025-04-06T14:28:30.692Z",
    "end": "2025-04-06T14:28:42.270Z",
    "duration": 11578,
    "testsRegistered": 3,
    "passPercent": 100,
    "pendingPercent": 0,
    "other": 0,
    "hasOther": false,
    "skipped": 0,
    "hasSkipped": false
  },
  "results": [
    {
      "uuid": "dea48af9-c99a-4405-bd24-4acb581bed20",
      "title": "",
      "fullFile": "cypress\\e2e\\queries.cy.js",
      "file": "cypress\\e2e\\queries.cy.js",
      "beforeHooks": [],
      "afterHooks": [],
      "tests": [],
      "suites": [
        {
          "uuid": "395f7c1b-d58a-4636-8832-115f2a877a65",
          "title": "Check all buttons and links on the page",
          "fullFile": "",
          "file": "",
          "beforeHooks": [],
          "afterHooks": [],
          "tests": [
            {
              "title": "Should log in using Basic Authentication",
              "fullTitle": "Check all buttons and links on the page Should log in using Basic Authentication",
              "timedOut": null,
              "duration": 4401,
              "state": "passed",
              "speed": "fast",
              "pass": true,
              "fail": false,
              "pending": false,
              "context": null,
              "code": "cy.url().should('include', 'qauto.forstudy.space');",
              "err": {},
              "uuid": "3440e07f-1153-432f-b0a0-300f2a65b7cb",
              "parentUUID": "395f7c1b-d58a-4636-8832-115f2a877a65",
              "isHook": false,
              "skipped": false
            },
            {
              "title": "Should find all buttons in the header",
              "fullTitle": "Check all buttons and links on the page Should find all buttons in the header",
              "timedOut": null,
              "duration": 1202,
              "state": "passed",
              "speed": "fast",
              "pass": true,
              "fail": false,
              "pending": false,
              "context": null,
              "code": "cy.get(\".header_inner .btn\").should(\"have.length.at.least\", 4).each($btn => {\n  cy.wrap($btn).should(\"be.visible\");\n});",
              "err": {},
              "uuid": "eea0dd99-ad4a-4c00-b8fa-c6249cde4002",
              "parentUUID": "395f7c1b-d58a-4636-8832-115f2a877a65",
              "isHook": false,
              "skipped": false
            },
            {
              "title": "Checks that the links lead to the correct websites",
              "fullTitle": "Check all buttons and links on the page Checks that the links lead to the correct websites",
              "timedOut": null,
              "duration": 1926,
              "state": "passed",
              "speed": "fast",
              "pass": true,
              "fail": false,
              "pending": false,
              "context": null,
              "code": "const expectedLinks = [{\n  url: 'https://www.facebook.com/Hillel.IT.School',\n  name: 'Facebook'\n}, {\n  url: 'https://t.me/ithillel_kyiv',\n  name: 'Telegram'\n}, {\n  url: 'https://www.youtube.com/user/HillelITSchool?sub_confirmation=1',\n  name: 'YouTube'\n}, {\n  url: 'https://www.instagram.com/hillel_itschool/',\n  name: 'Instagram'\n}, {\n  url: 'https://www.linkedin.com/school/ithillel/',\n  name: 'LinkedIn'\n}, {\n  url: 'https://ithillel.ua',\n  name: 'Hillel Main Website'\n}, {\n  url: 'mailto:developer@ithillel.ua',\n  name: 'Email Contact'\n}];\ncy.get('.contacts_socials .socials_link,.contacts_link').each(($el, index) => {\n  cy.wrap($el).should('have.attr', 'href', expectedLinks[index].url).and('not.be.empty');\n});",
              "err": {},
              "uuid": "d5c8996c-3c32-4954-982c-ad21ff772d9a",
              "parentUUID": "395f7c1b-d58a-4636-8832-115f2a877a65",
              "isHook": false,
              "skipped": false
            }
          ],
          "suites": [],
          "passes": [
            "3440e07f-1153-432f-b0a0-300f2a65b7cb",
            "eea0dd99-ad4a-4c00-b8fa-c6249cde4002",
            "d5c8996c-3c32-4954-982c-ad21ff772d9a"
          ],
          "failures": [],
          "pending": [],
          "skipped": [],
          "duration": 7529,
          "root": false,
          "rootEmpty": false,
          "_timeout": 2000
        }
      ],
      "passes": [],
      "failures": [],
      "pending": [],
      "skipped": [],
      "duration": 0,
      "root": true,
      "rootEmpty": true,
      "_timeout": 2000
    }
  ],
  "meta": {
    "mocha": {
      "version": "7.0.1"
    },
    "mochawesome": {
      "options": {
        "quiet": false,
        "reportFilename": "mochawesome",
        "saveHtml": true,
        "saveJson": true,
        "consoleReporter": "spec",
        "useInlineDiffs": false,
        "code": true
      },
      "version": "7.1.3"
    },
    "marge": {
      "options": {
        "reportDir": "cypress/reports-qauto2",
        "overwrite": false,
        "html": true,
        "json": true
      },
      "version": "6.2.0"
    }
  }
}