{
  "stats": {
    "suites": 1,
    "tests": 2,
    "passes": 1,
    "pending": 0,
    "failures": 1,
    "start": "2025-04-06T18:58:19.615Z",
    "end": "2025-04-06T18:58:50.121Z",
    "duration": 30506,
    "testsRegistered": 2,
    "passPercent": 50,
    "pendingPercent": 0,
    "other": 0,
    "hasOther": false,
    "skipped": 0,
    "hasSkipped": false
  },
  "results": [
    {
      "uuid": "8237c6d9-42f8-482f-81da-9869307e2157",
      "title": "",
      "fullFile": "cypress\\e2e\\garage_expenses.cy.js",
      "file": "cypress\\e2e\\garage_expenses.cy.js",
      "beforeHooks": [],
      "afterHooks": [],
      "tests": [],
      "suites": [
        {
          "uuid": "bc0676e2-6abb-4ffb-ba5a-3fa7e27dc866",
          "title": "Garage & Fuel Expenses Flow",
          "fullFile": "",
          "file": "",
          "beforeHooks": [],
          "afterHooks": [],
          "tests": [
            {
              "title": "Add a new car",
              "fullTitle": "Garage & Fuel Expenses Flow Add a new car",
              "timedOut": null,
              "duration": 16209,
              "state": "passed",
              "speed": "slow",
              "pass": true,
              "fail": false,
              "pending": false,
              "context": null,
              "code": "_garagePage.garagePage.openAddCarForm();\n_garagePage.garagePage.fillCarForm('Audi', 'Q7', '123456');\n_garagePage.garagePage.submitCar();\n_garagePage.garagePage.carShouldBeVisible('Q7');",
              "err": {},
              "uuid": "0549c4f8-4432-4903-9eb1-be8ea7fe6ede",
              "parentUUID": "bc0676e2-6abb-4ffb-ba5a-3fa7e27dc866",
              "isHook": false,
              "skipped": false
            },
            {
              "title": "Add fuel expense to the car",
              "fullTitle": "Garage & Fuel Expenses Flow Add fuel expense to the car",
              "timedOut": null,
              "duration": 14178,
              "state": "failed",
              "speed": null,
              "pass": false,
              "fail": true,
              "pending": false,
              "context": null,
              "code": "_expensesPage.expensesPage.openFuelExpenseModal();\n_expensesPage.expensesPage.addFuelRecord('50', '100', '123600');\n_expensesPage.expensesPage.recordShouldExist('50');",
              "err": {
                "message": "AssertionError: Timed out retrying after 10000ms: Expected to find element: `.car_add-expense`, but never found it.",
                "estack": "AssertionError: Timed out retrying after 10000ms: Expected to find element: `.car_add-expense`, but never found it.\n    at Object.openFuelExpenseModal (webpack://aqa-cypress/./cypress/pages/expensesPage.js:46:7)\n    at Context.eval (webpack://aqa-cypress/./cypress/e2e/garage_expenses.cy.js:30:17)",
                "diff": null
              },
              "uuid": "cbea367e-9c38-4aca-89c6-438ee97e3b16",
              "parentUUID": "bc0676e2-6abb-4ffb-ba5a-3fa7e27dc866",
              "isHook": false,
              "skipped": false
            }
          ],
          "suites": [],
          "passes": [
            "0549c4f8-4432-4903-9eb1-be8ea7fe6ede"
          ],
          "failures": [
            "cbea367e-9c38-4aca-89c6-438ee97e3b16"
          ],
          "pending": [],
          "skipped": [],
          "duration": 30387,
          "root": false,
          "rootEmpty": false,
          "_timeout": 2000
        }
      ],
      "passes": [],
      "failures": [],
      "pending": [],
      "skipped": [],
      "duration": 0,
      "root": true,
      "rootEmpty": true,
      "_timeout": 2000
    }
  ],
  "meta": {
    "mocha": {
      "version": "7.0.1"
    },
    "mochawesome": {
      "options": {
        "quiet": false,
        "reportFilename": "mochawesome",
        "saveHtml": true,
        "saveJson": true,
        "consoleReporter": "spec",
        "useInlineDiffs": false,
        "code": true
      },
      "version": "7.1.3"
    },
    "marge": {
      "options": {
        "reportDir": "cypress/reports-qauto2",
        "overwrite": false,
        "html": true,
        "json": true
      },
      "version": "6.2.0"
    }
  }
}