{
  "stats": {
    "suites": 2,
    "tests": 2,
    "passes": 2,
    "pending": 0,
    "failures": 0,
    "start": "2025-04-06T14:28:44.537Z",
    "end": "2025-04-06T14:29:00.930Z",
    "duration": 16393,
    "testsRegistered": 2,
    "passPercent": 100,
    "pendingPercent": 0,
    "other": 0,
    "hasOther": false,
    "skipped": 0,
    "hasSkipped": false
  },
  "results": [
    {
      "uuid": "8208d7d7-3026-4b87-a77d-f1bea1536d53",
      "title": "",
      "fullFile": "cypress\\e2e\\register_users.cy.js",
      "file": "cypress\\e2e\\register_users.cy.js",
      "beforeHooks": [],
      "afterHooks": [],
      "tests": [],
      "suites": [
        {
          "uuid": "2c79e4ab-3356-4643-ad4d-4914559a3fd9",
          "title": "User Registration for qauto",
          "fullFile": "",
          "file": "",
          "beforeHooks": [],
          "afterHooks": [],
          "tests": [
            {
              "title": "Should register new user via UI",
              "fullTitle": "User Registration for qauto Should register new user via UI",
              "timedOut": null,
              "duration": 6868,
              "state": "passed",
              "speed": "medium",
              "pass": true,
              "fail": false,
              "pending": false,
              "context": null,
              "code": "cy.visit(baseUrl, {\n  auth: {\n    username: \"guest\",\n    password: \"welcome2qauto\"\n  }\n});\ncy.get('button.btn.btn-outline-white.header_signin').click();\ncy.get('app-signin-modal').contains('Registration').click();\ncy.get('#signupName').type('AutoTest');\ncy.get('#signupLastName').type('User');\ncy.get('#signupEmail').type(email);\ncy.get('#signupPassword').type(password, {\n  sensitive: true\n});\ncy.get('#signupRepeatPassword').type(password, {\n  sensitive: true\n});\ncy.contains('Register').should('not.be.disabled').click();\ncy.get('button#userNavDropdown', {\n  timeout: 10000\n}).should('be.visible');\n// ✅ сохраняем в env для последующего использования\nCypress.env(`${appName}_email`, email);\nCypress.env(`${appName}_password`, password);\ncy.log(`✅ Registered user for ${appName}: ${email}`);",
              "err": {},
              "uuid": "4423f948-bc19-4dd5-b848-d2d5a436f7de",
              "parentUUID": "2c79e4ab-3356-4643-ad4d-4914559a3fd9",
              "isHook": false,
              "skipped": false
            }
          ],
          "suites": [],
          "passes": [
            "4423f948-bc19-4dd5-b848-d2d5a436f7de"
          ],
          "failures": [],
          "pending": [],
          "skipped": [],
          "duration": 6868,
          "root": false,
          "rootEmpty": false,
          "_timeout": 2000
        },
        {
          "uuid": "8cb186b5-0186-4ade-9dca-591a5d2beb00",
          "title": "User Registration for qauto2",
          "fullFile": "",
          "file": "",
          "beforeHooks": [],
          "afterHooks": [],
          "tests": [
            {
              "title": "Should register new user via UI",
              "fullTitle": "User Registration for qauto2 Should register new user via UI",
              "timedOut": null,
              "duration": 5781,
              "state": "passed",
              "speed": "medium",
              "pass": true,
              "fail": false,
              "pending": false,
              "context": null,
              "code": "cy.visit(baseUrl, {\n  auth: {\n    username: \"guest\",\n    password: \"welcome2qauto\"\n  }\n});\ncy.get('button.btn.btn-outline-white.header_signin').click();\ncy.get('app-signin-modal').contains('Registration').click();\ncy.get('#signupName').type('AutoTest');\ncy.get('#signupLastName').type('User');\ncy.get('#signupEmail').type(email);\ncy.get('#signupPassword').type(password, {\n  sensitive: true\n});\ncy.get('#signupRepeatPassword').type(password, {\n  sensitive: true\n});\ncy.contains('Register').should('not.be.disabled').click();\ncy.get('button#userNavDropdown', {\n  timeout: 10000\n}).should('be.visible');\n// ✅ сохраняем в env для последующего использования\nCypress.env(`${appName}_email`, email);\nCypress.env(`${appName}_password`, password);\ncy.log(`✅ Registered user for ${appName}: ${email}`);",
              "err": {},
              "uuid": "b7dbd9f2-9039-427b-a0af-182cb7d1c4dd",
              "parentUUID": "8cb186b5-0186-4ade-9dca-591a5d2beb00",
              "isHook": false,
              "skipped": false
            }
          ],
          "suites": [],
          "passes": [
            "b7dbd9f2-9039-427b-a0af-182cb7d1c4dd"
          ],
          "failures": [],
          "pending": [],
          "skipped": [],
          "duration": 5781,
          "root": false,
          "rootEmpty": false,
          "_timeout": 2000
        }
      ],
      "passes": [],
      "failures": [],
      "pending": [],
      "skipped": [],
      "duration": 0,
      "root": true,
      "rootEmpty": true,
      "_timeout": 2000
    }
  ],
  "meta": {
    "mocha": {
      "version": "7.0.1"
    },
    "mochawesome": {
      "options": {
        "quiet": false,
        "reportFilename": "mochawesome",
        "saveHtml": true,
        "saveJson": true,
        "consoleReporter": "spec",
        "useInlineDiffs": false,
        "code": true
      },
      "version": "7.1.3"
    },
    "marge": {
      "options": {
        "reportDir": "cypress/reports-qauto2",
        "overwrite": false,
        "html": true,
        "json": true
      },
      "version": "6.2.0"
    }
  }
}