{
  "stats": {
    "suites": 1,
    "tests": 2,
    "passes": 0,
    "pending": 0,
    "failures": 2,
    "start": "2025-04-06T16:22:02.051Z",
    "end": "2025-04-06T16:22:14.183Z",
    "duration": 12132,
    "testsRegistered": 2,
    "passPercent": 0,
    "pendingPercent": 0,
    "other": 0,
    "hasOther": false,
    "skipped": 0,
    "hasSkipped": false
  },
  "results": [
    {
      "uuid": "06dcb4d9-a0dc-4fac-b01f-95a6d4e302f4",
      "title": "",
      "fullFile": "cypress\\e2e\\garage_expenses.cy.js",
      "file": "cypress\\e2e\\garage_expenses.cy.js",
      "beforeHooks": [],
      "afterHooks": [],
      "tests": [],
      "suites": [
        {
          "uuid": "ff270130-5958-42d7-beb7-2d191a97f330",
          "title": "Garage & Fuel Expenses Flow",
          "fullFile": "",
          "file": "",
          "beforeHooks": [],
          "afterHooks": [],
          "tests": [
            {
              "title": "Add a new car",
              "fullTitle": "Garage & Fuel Expenses Flow Add a new car",
              "timedOut": null,
              "duration": 9700,
              "state": "failed",
              "speed": null,
              "pass": false,
              "fail": true,
              "pending": false,
              "context": null,
              "code": "garagePage.openAddCarForm();\ngaragePage.fillCarForm('Audi', 'Q7', '123456');\ngaragePage.submitCar();\ngaragePage.carShouldBeVisible('Q7');",
              "err": {
                "message": "ReferenceError: garagePage is not defined",
                "estack": "ReferenceError: garagePage is not defined\n    at Context.eval (webpack://aqa-cypress/./cypress/e2e/garage_expenses.cy.js:20:4)\n    at runnable.fn (https://qauto2.forstudy.space/__cypress/runner/cypress_runner.js:139129:19)\n    at callFn (https://qauto2.forstudy.space/__cypress/runner/cypress_runner.js:157729:21)\n    at Runnable.run (https://qauto2.forstudy.space/__cypress/runner/cypress_runner.js:157716:7)\n    at <unknown> (https://qauto2.forstudy.space/__cypress/runner/cypress_runner.js:163646:30)\n    at PassThroughHandlerContext.finallyHandler (https://qauto2.forstudy.space/__cypress/runner/cypress_runner.js:4042:23)\n    at PassThroughHandlerContext.tryCatcher (https://qauto2.forstudy.space/__cypress/runner/cypress_runner.js:1777:23)\n    at Promise._settlePromiseFromHandler (https://qauto2.forstudy.space/__cypress/runner/cypress_runner.js:1489:31)\n    at Promise._settlePromise (https://qauto2.forstudy.space/__cypress/runner/cypress_runner.js:1546:18)",
                "diff": null
              },
              "uuid": "c3b71f10-4b33-413e-a34f-b508c9499ac2",
              "parentUUID": "ff270130-5958-42d7-beb7-2d191a97f330",
              "isHook": false,
              "skipped": false
            },
            {
              "title": "Add fuel expense to the car",
              "fullTitle": "Garage & Fuel Expenses Flow Add fuel expense to the car",
              "timedOut": null,
              "duration": 2358,
              "state": "failed",
              "speed": null,
              "pass": false,
              "fail": true,
              "pending": false,
              "context": null,
              "code": "expensesPage.openFuelExpenseModal();\nexpensesPage.addFuelRecord('50', '100', '123600');\nexpensesPage.recordShouldExist('50');",
              "err": {
                "message": "ReferenceError: expensesPage is not defined",
                "estack": "ReferenceError: expensesPage is not defined\n    at Context.eval (webpack://aqa-cypress/./cypress/e2e/garage_expenses.cy.js:27:4)\n    at runnable.fn (https://qauto2.forstudy.space/__cypress/runner/cypress_runner.js:139129:19)\n    at callFn (https://qauto2.forstudy.space/__cypress/runner/cypress_runner.js:157729:21)\n    at Runnable.run (https://qauto2.forstudy.space/__cypress/runner/cypress_runner.js:157716:7)\n    at <unknown> (https://qauto2.forstudy.space/__cypress/runner/cypress_runner.js:163646:30)\n    at PassThroughHandlerContext.finallyHandler (https://qauto2.forstudy.space/__cypress/runner/cypress_runner.js:4042:23)\n    at PassThroughHandlerContext.tryCatcher (https://qauto2.forstudy.space/__cypress/runner/cypress_runner.js:1777:23)\n    at Promise._settlePromiseFromHandler (https://qauto2.forstudy.space/__cypress/runner/cypress_runner.js:1489:31)\n    at Promise._settlePromise (https://qauto2.forstudy.space/__cypress/runner/cypress_runner.js:1546:18)",
                "diff": null
              },
              "uuid": "c5198604-a0bc-4c16-a54a-078d76358952",
              "parentUUID": "ff270130-5958-42d7-beb7-2d191a97f330",
              "isHook": false,
              "skipped": false
            }
          ],
          "suites": [],
          "passes": [],
          "failures": [
            "c3b71f10-4b33-413e-a34f-b508c9499ac2",
            "c5198604-a0bc-4c16-a54a-078d76358952"
          ],
          "pending": [],
          "skipped": [],
          "duration": 12058,
          "root": false,
          "rootEmpty": false,
          "_timeout": 2000
        }
      ],
      "passes": [],
      "failures": [],
      "pending": [],
      "skipped": [],
      "duration": 0,
      "root": true,
      "rootEmpty": true,
      "_timeout": 2000
    }
  ],
  "meta": {
    "mocha": {
      "version": "7.0.1"
    },
    "mochawesome": {
      "options": {
        "quiet": false,
        "reportFilename": "mochawesome",
        "saveHtml": true,
        "saveJson": true,
        "consoleReporter": "spec",
        "useInlineDiffs": false,
        "code": true
      },
      "version": "7.1.3"
    },
    "marge": {
      "options": {
        "reportDir": "cypress/reports-qauto2",
        "overwrite": false,
        "html": true,
        "json": true
      },
      "version": "6.2.0"
    }
  }
}