{
  "stats": {
    "suites": 1,
    "tests": 2,
    "passes": 1,
    "pending": 0,
    "failures": 1,
    "start": "2025-04-06T18:44:39.264Z",
    "end": "2025-04-06T18:45:07.794Z",
    "duration": 28530,
    "testsRegistered": 2,
    "passPercent": 50,
    "pendingPercent": 0,
    "other": 0,
    "hasOther": false,
    "skipped": 0,
    "hasSkipped": false
  },
  "results": [
    {
      "uuid": "b714f465-d403-47d9-bb59-12f3b44c1607",
      "title": "",
      "fullFile": "cypress\\e2e\\garage_expenses.cy.js",
      "file": "cypress\\e2e\\garage_expenses.cy.js",
      "beforeHooks": [],
      "afterHooks": [],
      "tests": [],
      "suites": [
        {
          "uuid": "07db20a6-4284-4f18-8083-6337ca918911",
          "title": "Garage & Fuel Expenses Flow",
          "fullFile": "",
          "file": "",
          "beforeHooks": [],
          "afterHooks": [],
          "tests": [
            {
              "title": "Add a new car",
              "fullTitle": "Garage & Fuel Expenses Flow Add a new car",
              "timedOut": null,
              "duration": 14313,
              "state": "passed",
              "speed": "slow",
              "pass": true,
              "fail": false,
              "pending": false,
              "context": null,
              "code": "_garagePage.garagePage.openAddCarForm();\n_garagePage.garagePage.fillCarForm('Audi', 'Q7', '123456');\n_garagePage.garagePage.submitCar();\n_garagePage.garagePage.carShouldBeVisible('Q7');",
              "err": {},
              "uuid": "0c288a0e-48f9-48b7-b219-d8bcd035f570",
              "parentUUID": "07db20a6-4284-4f18-8083-6337ca918911",
              "isHook": false,
              "skipped": false
            },
            {
              "title": "Add fuel expense to the car",
              "fullTitle": "Garage & Fuel Expenses Flow Add fuel expense to the car",
              "timedOut": null,
              "duration": 14111,
              "state": "failed",
              "speed": null,
              "pass": false,
              "fail": true,
              "pending": false,
              "context": null,
              "code": "_expensesPage.expensesPage.openFuelExpenseModal();\n_expensesPage.expensesPage.addFuelRecord('50', '100', '123600');\n_expensesPage.expensesPage.recordShouldExist('50');",
              "err": {
                "message": "AssertionError: Timed out retrying after 10000ms: Expected to find content: 'Audi Q7' but never did.",
                "estack": "AssertionError: Timed out retrying after 10000ms: Expected to find content: 'Audi Q7' but never did.\n    at Object.openFuelExpenseModal (webpack://aqa-cypress/./cypress/pages/expensesPage.js:4:47)\n    at Context.eval (webpack://aqa-cypress/./cypress/e2e/garage_expenses.cy.js:30:17)",
                "diff": null
              },
              "uuid": "c002a644-205a-429d-ba5d-9db9840acc84",
              "parentUUID": "07db20a6-4284-4f18-8083-6337ca918911",
              "isHook": false,
              "skipped": false
            }
          ],
          "suites": [],
          "passes": [
            "0c288a0e-48f9-48b7-b219-d8bcd035f570"
          ],
          "failures": [
            "c002a644-205a-429d-ba5d-9db9840acc84"
          ],
          "pending": [],
          "skipped": [],
          "duration": 28424,
          "root": false,
          "rootEmpty": false,
          "_timeout": 2000
        }
      ],
      "passes": [],
      "failures": [],
      "pending": [],
      "skipped": [],
      "duration": 0,
      "root": true,
      "rootEmpty": true,
      "_timeout": 2000
    }
  ],
  "meta": {
    "mocha": {
      "version": "7.0.1"
    },
    "mochawesome": {
      "options": {
        "quiet": false,
        "reportFilename": "mochawesome",
        "saveHtml": true,
        "saveJson": true,
        "consoleReporter": "spec",
        "useInlineDiffs": false,
        "code": true
      },
      "version": "7.1.3"
    },
    "marge": {
      "options": {
        "reportDir": "cypress/reports-qauto2",
        "overwrite": false,
        "html": true,
        "json": true
      },
      "version": "6.2.0"
    }
  }
}